<?xml version="1.0" encoding="UTF-8"?>
<testsuite xmlns:xsi="http://www.w3.org/2001/XMLSchema-instance" xsi:noNamespaceSchemaLocation="https://maven.apache.org/surefire/maven-surefire-plugin/xsd/surefire-test-report-3.0.xsd" version="3.0" name="TestSuite" time="250.384" tests="48" errors="0" skipped="0" failures="0">
  <properties>
    <property name="java.specification.version" value="21"/>
    <property name="sun.cpu.isalist" value="amd64"/>
    <property name="sun.jnu.encoding" value="Cp1252"/>
    <property name="java.class.path" value="D:\SeleniumDemo\KestralPro\target\test-classes;D:\SeleniumDemo\KestralPro\target\classes;C:\Users\47Billion\.m2\repository\org\seleniumhq\selenium\selenium-java\4.27.0\selenium-java-4.27.0.jar;C:\Users\47Billion\.m2\repository\org\seleniumhq\selenium\selenium-api\4.27.0\selenium-api-4.27.0.jar;C:\Users\47Billion\.m2\repository\org\jspecify\jspecify\1.0.0\jspecify-1.0.0.jar;C:\Users\47Billion\.m2\repository\org\seleniumhq\selenium\selenium-chrome-driver\4.27.0\selenium-chrome-driver-4.27.0.jar;C:\Users\47Billion\.m2\repository\com\google\auto\service\auto-service-annotations\1.1.1\auto-service-annotations-1.1.1.jar;C:\Users\47Billion\.m2\repository\org\seleniumhq\selenium\selenium-chromium-driver\4.27.0\selenium-chromium-driver-4.27.0.jar;C:\Users\47Billion\.m2\repository\org\seleniumhq\selenium\selenium-json\4.27.0\selenium-json-4.27.0.jar;C:\Users\47Billion\.m2\repository\org\seleniumhq\selenium\selenium-manager\4.27.0\selenium-manager-4.27.0.jar;C:\Users\47Billion\.m2\repository\org\seleniumhq\selenium\selenium-devtools-v129\4.27.0\selenium-devtools-v129-4.27.0.jar;C:\Users\47Billion\.m2\repository\org\seleniumhq\selenium\selenium-devtools-v130\4.27.0\selenium-devtools-v130-4.27.0.jar;C:\Users\47Billion\.m2\repository\org\seleniumhq\selenium\selenium-devtools-v131\4.27.0\selenium-devtools-v131-4.27.0.jar;C:\Users\47Billion\.m2\repository\org\seleniumhq\selenium\selenium-devtools-v85\4.27.0\selenium-devtools-v85-4.27.0.jar;C:\Users\47Billion\.m2\repository\org\seleniumhq\selenium\selenium-edge-driver\4.27.0\selenium-edge-driver-4.27.0.jar;C:\Users\47Billion\.m2\repository\org\seleniumhq\selenium\selenium-firefox-driver\4.27.0\selenium-firefox-driver-4.27.0.jar;C:\Users\47Billion\.m2\repository\org\seleniumhq\selenium\selenium-http\4.27.0\selenium-http-4.27.0.jar;C:\Users\47Billion\.m2\repository\dev\failsafe\failsafe\3.3.2\failsafe-3.3.2.jar;C:\Users\47Billion\.m2\repository\org\seleniumhq\selenium\selenium-ie-driver\4.27.0\selenium-ie-driver-4.27.0.jar;C:\Users\47Billion\.m2\repository\org\seleniumhq\selenium\selenium-remote-driver\4.27.0\selenium-remote-driver-4.27.0.jar;C:\Users\47Billion\.m2\repository\com\google\guava\guava\33.3.1-jre\guava-33.3.1-jre.jar;C:\Users\47Billion\.m2\repository\com\google\guava\failureaccess\1.0.2\failureaccess-1.0.2.jar;C:\Users\47Billion\.m2\repository\com\google\guava\listenablefuture\9999.0-empty-to-avoid-conflict-with-guava\listenablefuture-9999.0-empty-to-avoid-conflict-with-guava.jar;C:\Users\47Billion\.m2\repository\com\google\code\findbugs\jsr305\3.0.2\jsr305-3.0.2.jar;C:\Users\47Billion\.m2\repository\org\checkerframework\checker-qual\3.43.0\checker-qual-3.43.0.jar;C:\Users\47Billion\.m2\repository\com\google\errorprone\error_prone_annotations\2.28.0\error_prone_annotations-2.28.0.jar;C:\Users\47Billion\.m2\repository\com\google\j2objc\j2objc-annotations\3.0.0\j2objc-annotations-3.0.0.jar;C:\Users\47Billion\.m2\repository\io\opentelemetry\semconv\opentelemetry-semconv\1.25.0-alpha\opentelemetry-semconv-1.25.0-alpha.jar;C:\Users\47Billion\.m2\repository\io\opentelemetry\opentelemetry-api\1.44.1\opentelemetry-api-1.44.1.jar;C:\Users\47Billion\.m2\repository\io\opentelemetry\opentelemetry-context\1.44.1\opentelemetry-context-1.44.1.jar;C:\Users\47Billion\.m2\repository\io\opentelemetry\opentelemetry-exporter-logging\1.44.1\opentelemetry-exporter-logging-1.44.1.jar;C:\Users\47Billion\.m2\repository\io\opentelemetry\opentelemetry-sdk-common\1.44.1\opentelemetry-sdk-common-1.44.1.jar;C:\Users\47Billion\.m2\repository\io\opentelemetry\opentelemetry-sdk-extension-autoconfigure-spi\1.44.1\opentelemetry-sdk-extension-autoconfigure-spi-1.44.1.jar;C:\Users\47Billion\.m2\repository\io\opentelemetry\opentelemetry-sdk-extension-autoconfigure\1.44.1\opentelemetry-sdk-extension-autoconfigure-1.44.1.jar;C:\Users\47Billion\.m2\repository\io\opentelemetry\opentelemetry-api-incubator\1.44.1-alpha\opentelemetry-api-incubator-1.44.1-alpha.jar;C:\Users\47Billion\.m2\repository\io\opentelemetry\opentelemetry-sdk-trace\1.44.1\opentelemetry-sdk-trace-1.44.1.jar;C:\Users\47Billion\.m2\repository\io\opentelemetry\opentelemetry-sdk\1.44.1\opentelemetry-sdk-1.44.1.jar;C:\Users\47Billion\.m2\repository\io\opentelemetry\opentelemetry-sdk-metrics\1.44.1\opentelemetry-sdk-metrics-1.44.1.jar;C:\Users\47Billion\.m2\repository\io\opentelemetry\opentelemetry-sdk-logs\1.44.1\opentelemetry-sdk-logs-1.44.1.jar;C:\Users\47Billion\.m2\repository\net\bytebuddy\byte-buddy\1.15.10\byte-buddy-1.15.10.jar;C:\Users\47Billion\.m2\repository\org\seleniumhq\selenium\selenium-os\4.27.0\selenium-os-4.27.0.jar;C:\Users\47Billion\.m2\repository\org\apache\commons\commons-exec\1.4.0\commons-exec-1.4.0.jar;C:\Users\47Billion\.m2\repository\org\seleniumhq\selenium\selenium-safari-driver\4.27.0\selenium-safari-driver-4.27.0.jar;C:\Users\47Billion\.m2\repository\org\seleniumhq\selenium\selenium-support\4.27.0\selenium-support-4.27.0.jar;C:\Users\47Billion\.m2\repository\org\testng\testng\7.9.0\testng-7.9.0.jar;C:\Users\47Billion\.m2\repository\org\slf4j\slf4j-api\1.7.36\slf4j-api-1.7.36.jar;C:\Users\47Billion\.m2\repository\com\beust\jcommander\1.82\jcommander-1.82.jar;C:\Users\47Billion\.m2\repository\org\webjars\jquery\3.7.1\jquery-3.7.1.jar;C:\Users\47Billion\.m2\repository\io\rest-assured\rest-assured\5.3.0\rest-assured-5.3.0.jar;C:\Users\47Billion\.m2\repository\org\apache\groovy\groovy\4.0.6\groovy-4.0.6.jar;C:\Users\47Billion\.m2\repository\org\apache\groovy\groovy-xml\4.0.6\groovy-xml-4.0.6.jar;C:\Users\47Billion\.m2\repository\org\apache\httpcomponents\httpclient\4.5.13\httpclient-4.5.13.jar;C:\Users\47Billion\.m2\repository\org\apache\httpcomponents\httpcore\4.4.13\httpcore-4.4.13.jar;C:\Users\47Billion\.m2\repository\commons-logging\commons-logging\1.2\commons-logging-1.2.jar;C:\Users\47Billion\.m2\repository\commons-codec\commons-codec\1.11\commons-codec-1.11.jar;C:\Users\47Billion\.m2\repository\org\apache\httpcomponents\httpmime\4.5.13\httpmime-4.5.13.jar;C:\Users\47Billion\.m2\repository\org\hamcrest\hamcrest\2.1\hamcrest-2.1.jar;C:\Users\47Billion\.m2\repository\org\ccil\cowan\tagsoup\tagsoup\1.2.1\tagsoup-1.2.1.jar;C:\Users\47Billion\.m2\repository\io\rest-assured\xml-path\5.3.0\xml-path-5.3.0.jar;C:\Users\47Billion\.m2\repository\io\rest-assured\json-path\5.3.0\json-path-5.3.0.jar;C:\Users\47Billion\.m2\repository\org\apache\groovy\groovy-json\4.0.6\groovy-json-4.0.6.jar;C:\Users\47Billion\.m2\repository\io\rest-assured\rest-assured-common\5.3.0\rest-assured-common-5.3.0.jar;C:\Users\47Billion\.m2\repository\io\github\bonigarcia\webdrivermanager\5.4.1\webdrivermanager-5.4.1.jar;C:\Users\47Billion\.m2\repository\com\google\code\gson\gson\2.10.1\gson-2.10.1.jar;C:\Users\47Billion\.m2\repository\com\github\docker-java\docker-java\3.3.2\docker-java-3.3.2.jar;C:\Users\47Billion\.m2\repository\com\github\docker-java\docker-java-core\3.3.2\docker-java-core-3.3.2.jar;C:\Users\47Billion\.m2\repository\com\github\docker-java\docker-java-api\3.3.2\docker-java-api-3.3.2.jar;C:\Users\47Billion\.m2\repository\org\bouncycastle\bcpkix-jdk15on\1.64\bcpkix-jdk15on-1.64.jar;C:\Users\47Billion\.m2\repository\org\bouncycastle\bcprov-jdk15on\1.64\bcprov-jdk15on-1.64.jar;C:\Users\47Billion\.m2\repository\org\slf4j\jcl-over-slf4j\1.7.30\jcl-over-slf4j-1.7.30.jar;C:\Users\47Billion\.m2\repository\com\github\docker-java\docker-java-transport-httpclient5\3.3.2\docker-java-transport-httpclient5-3.3.2.jar;C:\Users\47Billion\.m2\repository\com\github\docker-java\docker-java-transport\3.3.2\docker-java-transport-3.3.2.jar;C:\Users\47Billion\.m2\repository\net\java\dev\jna\jna\5.12.1\jna-5.12.1.jar;C:\Users\47Billion\.m2\repository\org\brotli\dec\0.1.2\dec-0.1.2.jar;C:\Users\47Billion\.m2\repository\org\apache\commons\commons-lang3\3.12.0\commons-lang3-3.12.0.jar;C:\Users\47Billion\.m2\repository\org\apache\httpcomponents\client5\httpclient5\5.2.1\httpclient5-5.2.1.jar;C:\Users\47Billion\.m2\repository\org\apache\httpcomponents\core5\httpcore5\5.2\httpcore5-5.2.jar;C:\Users\47Billion\.m2\repository\org\apache\httpcomponents\core5\httpcore5-h2\5.2\httpcore5-h2-5.2.jar;C:\Users\47Billion\.m2\repository\com\aventstack\extentreports\5.1.1\extentreports-5.1.1.jar;C:\Users\47Billion\.m2\repository\io\reactivex\rxjava3\rxjava\3.1.6\rxjava-3.1.6.jar;C:\Users\47Billion\.m2\repository\org\reactivestreams\reactive-streams\1.0.4\reactive-streams-1.0.4.jar;C:\Users\47Billion\.m2\repository\org\freemarker\freemarker\2.3.32\freemarker-2.3.32.jar;C:\Users\47Billion\.m2\repository\org\projectlombok\lombok\1.18.26\lombok-1.18.26.jar;C:\Users\47Billion\.m2\repository\commons-io\commons-io\2.11.0\commons-io-2.11.0.jar;C:\Users\47Billion\.m2\repository\org\slf4j\slf4j-simple\2.0.9\slf4j-simple-2.0.9.jar;C:\Users\47Billion\.m2\repository\com\sun\mail\jakarta.mail\2.0.1\jakarta.mail-2.0.1.jar;C:\Users\47Billion\.m2\repository\com\sun\activation\jakarta.activation\2.0.1\jakarta.activation-2.0.1.jar;C:\Users\47Billion\.m2\repository\com\fasterxml\jackson\core\jackson-databind\2.15.3\jackson-databind-2.15.3.jar;C:\Users\47Billion\.m2\repository\com\fasterxml\jackson\core\jackson-annotations\2.15.3\jackson-annotations-2.15.3.jar;C:\Users\47Billion\.m2\repository\com\fasterxml\jackson\core\jackson-core\2.15.3\jackson-core-2.15.3.jar;C:\Users\47Billion\.m2\repository\org\apache\poi\poi-ooxml\5.2.3\poi-ooxml-5.2.3.jar;C:\Users\47Billion\.m2\repository\org\apache\poi\poi\5.2.3\poi-5.2.3.jar;C:\Users\47Billion\.m2\repository\org\apache\commons\commons-math3\3.6.1\commons-math3-3.6.1.jar;C:\Users\47Billion\.m2\repository\com\zaxxer\SparseBitSet\1.2\SparseBitSet-1.2.jar;C:\Users\47Billion\.m2\repository\org\apache\poi\poi-ooxml-lite\5.2.3\poi-ooxml-lite-5.2.3.jar;C:\Users\47Billion\.m2\repository\org\apache\xmlbeans\xmlbeans\5.1.1\xmlbeans-5.1.1.jar;C:\Users\47Billion\.m2\repository\org\apache\commons\commons-compress\1.21\commons-compress-1.21.jar;C:\Users\47Billion\.m2\repository\com\github\virtuald\curvesapi\1.07\curvesapi-1.07.jar;C:\Users\47Billion\.m2\repository\org\apache\logging\log4j\log4j-api\2.18.0\log4j-api-2.18.0.jar;C:\Users\47Billion\.m2\repository\org\apache\commons\commons-collections4\4.4\commons-collections4-4.4.jar;"/>
    <property name="java.vm.vendor" value="Oracle Corporation"/>
    <property name="sun.arch.data.model" value="64"/>
    <property name="user.variant" value=""/>
    <property name="java.vendor.url" value="https://java.oracle.com/"/>
    <property name="user.timezone" value="Asia/Calcutta"/>
    <property name="suiteXmlFile" value="testngHybrid.xml"/>
    <property name="os.name" value="Windows 11"/>
    <property name="java.vm.specification.version" value="21"/>
    <property name="sun.java.launcher" value="SUN_STANDARD"/>
    <property name="user.country" value="IN"/>
    <property name="sun.boot.library.path" value="C:\Program Files\Java\jdk-21\bin"/>
    <property name="sun.java.command" value="C:\Users\47Billion\AppData\Local\Temp\surefire1371989780907622416\surefirebooter-20250804144050277_3.jar C:\Users\47Billion\AppData\Local\Temp\surefire1371989780907622416 2025-08-04T14-40-49_904-jvmRun1 surefire-20250804144050277_1tmp surefire_0-20250804144050277_2tmp"/>
    <property name="jdk.debug" value="release"/>
    <property name="surefire.test.class.path" value="D:\SeleniumDemo\KestralPro\target\test-classes;D:\SeleniumDemo\KestralPro\target\classes;C:\Users\47Billion\.m2\repository\org\seleniumhq\selenium\selenium-java\4.27.0\selenium-java-4.27.0.jar;C:\Users\47Billion\.m2\repository\org\seleniumhq\selenium\selenium-api\4.27.0\selenium-api-4.27.0.jar;C:\Users\47Billion\.m2\repository\org\jspecify\jspecify\1.0.0\jspecify-1.0.0.jar;C:\Users\47Billion\.m2\repository\org\seleniumhq\selenium\selenium-chrome-driver\4.27.0\selenium-chrome-driver-4.27.0.jar;C:\Users\47Billion\.m2\repository\com\google\auto\service\auto-service-annotations\1.1.1\auto-service-annotations-1.1.1.jar;C:\Users\47Billion\.m2\repository\org\seleniumhq\selenium\selenium-chromium-driver\4.27.0\selenium-chromium-driver-4.27.0.jar;C:\Users\47Billion\.m2\repository\org\seleniumhq\selenium\selenium-json\4.27.0\selenium-json-4.27.0.jar;C:\Users\47Billion\.m2\repository\org\seleniumhq\selenium\selenium-manager\4.27.0\selenium-manager-4.27.0.jar;C:\Users\47Billion\.m2\repository\org\seleniumhq\selenium\selenium-devtools-v129\4.27.0\selenium-devtools-v129-4.27.0.jar;C:\Users\47Billion\.m2\repository\org\seleniumhq\selenium\selenium-devtools-v130\4.27.0\selenium-devtools-v130-4.27.0.jar;C:\Users\47Billion\.m2\repository\org\seleniumhq\selenium\selenium-devtools-v131\4.27.0\selenium-devtools-v131-4.27.0.jar;C:\Users\47Billion\.m2\repository\org\seleniumhq\selenium\selenium-devtools-v85\4.27.0\selenium-devtools-v85-4.27.0.jar;C:\Users\47Billion\.m2\repository\org\seleniumhq\selenium\selenium-edge-driver\4.27.0\selenium-edge-driver-4.27.0.jar;C:\Users\47Billion\.m2\repository\org\seleniumhq\selenium\selenium-firefox-driver\4.27.0\selenium-firefox-driver-4.27.0.jar;C:\Users\47Billion\.m2\repository\org\seleniumhq\selenium\selenium-http\4.27.0\selenium-http-4.27.0.jar;C:\Users\47Billion\.m2\repository\dev\failsafe\failsafe\3.3.2\failsafe-3.3.2.jar;C:\Users\47Billion\.m2\repository\org\seleniumhq\selenium\selenium-ie-driver\4.27.0\selenium-ie-driver-4.27.0.jar;C:\Users\47Billion\.m2\repository\org\seleniumhq\selenium\selenium-remote-driver\4.27.0\selenium-remote-driver-4.27.0.jar;C:\Users\47Billion\.m2\repository\com\google\guava\guava\33.3.1-jre\guava-33.3.1-jre.jar;C:\Users\47Billion\.m2\repository\com\google\guava\failureaccess\1.0.2\failureaccess-1.0.2.jar;C:\Users\47Billion\.m2\repository\com\google\guava\listenablefuture\9999.0-empty-to-avoid-conflict-with-guava\listenablefuture-9999.0-empty-to-avoid-conflict-with-guava.jar;C:\Users\47Billion\.m2\repository\com\google\code\findbugs\jsr305\3.0.2\jsr305-3.0.2.jar;C:\Users\47Billion\.m2\repository\org\checkerframework\checker-qual\3.43.0\checker-qual-3.43.0.jar;C:\Users\47Billion\.m2\repository\com\google\errorprone\error_prone_annotations\2.28.0\error_prone_annotations-2.28.0.jar;C:\Users\47Billion\.m2\repository\com\google\j2objc\j2objc-annotations\3.0.0\j2objc-annotations-3.0.0.jar;C:\Users\47Billion\.m2\repository\io\opentelemetry\semconv\opentelemetry-semconv\1.25.0-alpha\opentelemetry-semconv-1.25.0-alpha.jar;C:\Users\47Billion\.m2\repository\io\opentelemetry\opentelemetry-api\1.44.1\opentelemetry-api-1.44.1.jar;C:\Users\47Billion\.m2\repository\io\opentelemetry\opentelemetry-context\1.44.1\opentelemetry-context-1.44.1.jar;C:\Users\47Billion\.m2\repository\io\opentelemetry\opentelemetry-exporter-logging\1.44.1\opentelemetry-exporter-logging-1.44.1.jar;C:\Users\47Billion\.m2\repository\io\opentelemetry\opentelemetry-sdk-common\1.44.1\opentelemetry-sdk-common-1.44.1.jar;C:\Users\47Billion\.m2\repository\io\opentelemetry\opentelemetry-sdk-extension-autoconfigure-spi\1.44.1\opentelemetry-sdk-extension-autoconfigure-spi-1.44.1.jar;C:\Users\47Billion\.m2\repository\io\opentelemetry\opentelemetry-sdk-extension-autoconfigure\1.44.1\opentelemetry-sdk-extension-autoconfigure-1.44.1.jar;C:\Users\47Billion\.m2\repository\io\opentelemetry\opentelemetry-api-incubator\1.44.1-alpha\opentelemetry-api-incubator-1.44.1-alpha.jar;C:\Users\47Billion\.m2\repository\io\opentelemetry\opentelemetry-sdk-trace\1.44.1\opentelemetry-sdk-trace-1.44.1.jar;C:\Users\47Billion\.m2\repository\io\opentelemetry\opentelemetry-sdk\1.44.1\opentelemetry-sdk-1.44.1.jar;C:\Users\47Billion\.m2\repository\io\opentelemetry\opentelemetry-sdk-metrics\1.44.1\opentelemetry-sdk-metrics-1.44.1.jar;C:\Users\47Billion\.m2\repository\io\opentelemetry\opentelemetry-sdk-logs\1.44.1\opentelemetry-sdk-logs-1.44.1.jar;C:\Users\47Billion\.m2\repository\net\bytebuddy\byte-buddy\1.15.10\byte-buddy-1.15.10.jar;C:\Users\47Billion\.m2\repository\org\seleniumhq\selenium\selenium-os\4.27.0\selenium-os-4.27.0.jar;C:\Users\47Billion\.m2\repository\org\apache\commons\commons-exec\1.4.0\commons-exec-1.4.0.jar;C:\Users\47Billion\.m2\repository\org\seleniumhq\selenium\selenium-safari-driver\4.27.0\selenium-safari-driver-4.27.0.jar;C:\Users\47Billion\.m2\repository\org\seleniumhq\selenium\selenium-support\4.27.0\selenium-support-4.27.0.jar;C:\Users\47Billion\.m2\repository\org\testng\testng\7.9.0\testng-7.9.0.jar;C:\Users\47Billion\.m2\repository\org\slf4j\slf4j-api\1.7.36\slf4j-api-1.7.36.jar;C:\Users\47Billion\.m2\repository\com\beust\jcommander\1.82\jcommander-1.82.jar;C:\Users\47Billion\.m2\repository\org\webjars\jquery\3.7.1\jquery-3.7.1.jar;C:\Users\47Billion\.m2\repository\io\rest-assured\rest-assured\5.3.0\rest-assured-5.3.0.jar;C:\Users\47Billion\.m2\repository\org\apache\groovy\groovy\4.0.6\groovy-4.0.6.jar;C:\Users\47Billion\.m2\repository\org\apache\groovy\groovy-xml\4.0.6\groovy-xml-4.0.6.jar;C:\Users\47Billion\.m2\repository\org\apache\httpcomponents\httpclient\4.5.13\httpclient-4.5.13.jar;C:\Users\47Billion\.m2\repository\org\apache\httpcomponents\httpcore\4.4.13\httpcore-4.4.13.jar;C:\Users\47Billion\.m2\repository\commons-logging\commons-logging\1.2\commons-logging-1.2.jar;C:\Users\47Billion\.m2\repository\commons-codec\commons-codec\1.11\commons-codec-1.11.jar;C:\Users\47Billion\.m2\repository\org\apache\httpcomponents\httpmime\4.5.13\httpmime-4.5.13.jar;C:\Users\47Billion\.m2\repository\org\hamcrest\hamcrest\2.1\hamcrest-2.1.jar;C:\Users\47Billion\.m2\repository\org\ccil\cowan\tagsoup\tagsoup\1.2.1\tagsoup-1.2.1.jar;C:\Users\47Billion\.m2\repository\io\rest-assured\xml-path\5.3.0\xml-path-5.3.0.jar;C:\Users\47Billion\.m2\repository\io\rest-assured\json-path\5.3.0\json-path-5.3.0.jar;C:\Users\47Billion\.m2\repository\org\apache\groovy\groovy-json\4.0.6\groovy-json-4.0.6.jar;C:\Users\47Billion\.m2\repository\io\rest-assured\rest-assured-common\5.3.0\rest-assured-common-5.3.0.jar;C:\Users\47Billion\.m2\repository\io\github\bonigarcia\webdrivermanager\5.4.1\webdrivermanager-5.4.1.jar;C:\Users\47Billion\.m2\repository\com\google\code\gson\gson\2.10.1\gson-2.10.1.jar;C:\Users\47Billion\.m2\repository\com\github\docker-java\docker-java\3.3.2\docker-java-3.3.2.jar;C:\Users\47Billion\.m2\repository\com\github\docker-java\docker-java-core\3.3.2\docker-java-core-3.3.2.jar;C:\Users\47Billion\.m2\repository\com\github\docker-java\docker-java-api\3.3.2\docker-java-api-3.3.2.jar;C:\Users\47Billion\.m2\repository\org\bouncycastle\bcpkix-jdk15on\1.64\bcpkix-jdk15on-1.64.jar;C:\Users\47Billion\.m2\repository\org\bouncycastle\bcprov-jdk15on\1.64\bcprov-jdk15on-1.64.jar;C:\Users\47Billion\.m2\repository\org\slf4j\jcl-over-slf4j\1.7.30\jcl-over-slf4j-1.7.30.jar;C:\Users\47Billion\.m2\repository\com\github\docker-java\docker-java-transport-httpclient5\3.3.2\docker-java-transport-httpclient5-3.3.2.jar;C:\Users\47Billion\.m2\repository\com\github\docker-java\docker-java-transport\3.3.2\docker-java-transport-3.3.2.jar;C:\Users\47Billion\.m2\repository\net\java\dev\jna\jna\5.12.1\jna-5.12.1.jar;C:\Users\47Billion\.m2\repository\org\brotli\dec\0.1.2\dec-0.1.2.jar;C:\Users\47Billion\.m2\repository\org\apache\commons\commons-lang3\3.12.0\commons-lang3-3.12.0.jar;C:\Users\47Billion\.m2\repository\org\apache\httpcomponents\client5\httpclient5\5.2.1\httpclient5-5.2.1.jar;C:\Users\47Billion\.m2\repository\org\apache\httpcomponents\core5\httpcore5\5.2\httpcore5-5.2.jar;C:\Users\47Billion\.m2\repository\org\apache\httpcomponents\core5\httpcore5-h2\5.2\httpcore5-h2-5.2.jar;C:\Users\47Billion\.m2\repository\com\aventstack\extentreports\5.1.1\extentreports-5.1.1.jar;C:\Users\47Billion\.m2\repository\io\reactivex\rxjava3\rxjava\3.1.6\rxjava-3.1.6.jar;C:\Users\47Billion\.m2\repository\org\reactivestreams\reactive-streams\1.0.4\reactive-streams-1.0.4.jar;C:\Users\47Billion\.m2\repository\org\freemarker\freemarker\2.3.32\freemarker-2.3.32.jar;C:\Users\47Billion\.m2\repository\org\projectlombok\lombok\1.18.26\lombok-1.18.26.jar;C:\Users\47Billion\.m2\repository\commons-io\commons-io\2.11.0\commons-io-2.11.0.jar;C:\Users\47Billion\.m2\repository\org\slf4j\slf4j-simple\2.0.9\slf4j-simple-2.0.9.jar;C:\Users\47Billion\.m2\repository\com\sun\mail\jakarta.mail\2.0.1\jakarta.mail-2.0.1.jar;C:\Users\47Billion\.m2\repository\com\sun\activation\jakarta.activation\2.0.1\jakarta.activation-2.0.1.jar;C:\Users\47Billion\.m2\repository\com\fasterxml\jackson\core\jackson-databind\2.15.3\jackson-databind-2.15.3.jar;C:\Users\47Billion\.m2\repository\com\fasterxml\jackson\core\jackson-annotations\2.15.3\jackson-annotations-2.15.3.jar;C:\Users\47Billion\.m2\repository\com\fasterxml\jackson\core\jackson-core\2.15.3\jackson-core-2.15.3.jar;C:\Users\47Billion\.m2\repository\org\apache\poi\poi-ooxml\5.2.3\poi-ooxml-5.2.3.jar;C:\Users\47Billion\.m2\repository\org\apache\poi\poi\5.2.3\poi-5.2.3.jar;C:\Users\47Billion\.m2\repository\org\apache\commons\commons-math3\3.6.1\commons-math3-3.6.1.jar;C:\Users\47Billion\.m2\repository\com\zaxxer\SparseBitSet\1.2\SparseBitSet-1.2.jar;C:\Users\47Billion\.m2\repository\org\apache\poi\poi-ooxml-lite\5.2.3\poi-ooxml-lite-5.2.3.jar;C:\Users\47Billion\.m2\repository\org\apache\xmlbeans\xmlbeans\5.1.1\xmlbeans-5.1.1.jar;C:\Users\47Billion\.m2\repository\org\apache\commons\commons-compress\1.21\commons-compress-1.21.jar;C:\Users\47Billion\.m2\repository\com\github\virtuald\curvesapi\1.07\curvesapi-1.07.jar;C:\Users\47Billion\.m2\repository\org\apache\logging\log4j\log4j-api\2.18.0\log4j-api-2.18.0.jar;C:\Users\47Billion\.m2\repository\org\apache\commons\commons-collections4\4.4\commons-collections4-4.4.jar;"/>
    <property name="sun.cpu.endian" value="little"/>
    <property name="user.home" value="C:\Users\47Billion"/>
    <property name="user.language" value="en"/>
    <property name="java.specification.vendor" value="Oracle Corporation"/>
    <property name="java.version.date" value="2025-04-15"/>
    <property name="java.home" value="C:\Program Files\Java\jdk-21"/>
    <property name="file.separator" value="\"/>
    <property name="basedir" value="D:\SeleniumDemo\KestralPro"/>
    <property name="java.vm.compressedOopsMode" value="Zero based"/>
    <property name="line.separator" value="&#10;"/>
    <property name="java.vm.specification.vendor" value="Oracle Corporation"/>
    <property name="java.specification.name" value="Java Platform API Specification"/>
    <property name="surefire.real.class.path" value="C:\Users\47Billion\AppData\Local\Temp\surefire1371989780907622416\surefirebooter-20250804144050277_3.jar"/>
    <property name="user.script" value=""/>
    <property name="sun.management.compiler" value="HotSpot 64-Bit Tiered Compilers"/>
    <property name="java.runtime.version" value="21.0.7+8-LTS-245"/>
    <property name="user.name" value="47Billion"/>
    <property name="stdout.encoding" value="Cp1252"/>
    <property name="path.separator" value=";"/>
    <property name="os.version" value="10.0"/>
    <property name="java.runtime.name" value="Java(TM) SE Runtime Environment"/>
    <property name="file.encoding" value="UTF-8"/>
    <property name="java.vm.name" value="Java HotSpot(TM) 64-Bit Server VM"/>
    <property name="localRepository" value="C:\Users\47Billion\.m2\repository"/>
    <property name="java.vendor.url.bug" value="https://bugreport.java.com/bugreport/"/>
    <property name="java.io.tmpdir" value="C:\Users\47BILL~1\AppData\Local\Temp\"/>
    <property name="java.version" value="21.0.7"/>
    <property name="user.dir" value="D:\SeleniumDemo\KestralPro"/>
    <property name="os.arch" value="amd64"/>
    <property name="java.vm.specification.name" value="Java Virtual Machine Specification"/>
    <property name="sun.os.patch.level" value=""/>
    <property name="native.encoding" value="Cp1252"/>
    <property name="java.library.path" value="C:\Program Files\Java\jdk-21\bin;C:\WINDOWS\Sun\Java\bin;C:\WINDOWS\system32;C:\WINDOWS;C:\Python313\Scripts\;C:\Python313\;C:\Program Files\Common Files\Oracle\Java\javapath;C:\WINDOWS\system32;C:\WINDOWS;C:\WINDOWS\System32\Wbem;C:\WINDOWS\System32\WindowsPowerShell\v1.0\;C:\WINDOWS\System32\OpenSSH\;C:\Program Files\Microsoft SQL Server\Client SDK\ODBC\170\Tools\Binn\;C:\Program Files (x86)\Microsoft SQL Server\150\Tools\Binn\;C:\Program Files\Microsoft SQL Server\150\Tools\Binn\;C:\Program Files\Microsoft SQL Server\150\DTS\Binn\;C:\Program Files (x86)\Microsoft SQL Server\150\DTS\Binn\;C:\Program Files\Azure Data Studio\bin;C:\Program Files\apache-maven-3.8.6-bin\apache-maven-3.8.6\bin;C:\Program Files\Java\jdk-21\bin;C:\Users\47Billion\AppData\Local\Android\Sdk\tools;C:\Users\47Billion\AppData\Local\Android\Sdk\platform-tools;C:\Program Files\Git\cmd;C:\Users\47Billion\AppData\Local\Android\Sdk\tools\bin;C:\Program Files\nodejs\node_modules\npm\bin;C:\Program Files\dotnet\;C:\Program Files (x86)\Microsoft SQL Server\160\Tools\Binn\;C:\Program Files\Microsoft SQL Server\160\Tools\Binn\;C:\Program Files\Microsoft SQL Server\160\DTS\Binn\;C:\ProgramData\chocolatey\bin;C:\nvm;C:\nvm\nodejs;C:\Program Files\MySQL\MySQL Shell 8.0\bin\;C:\Users\47Billion\AppData\Local\Microsoft\WindowsApps;C:\Program Files\JetBrains\PyCharm Community Edition 2021.3.1\bin;;C:\Users\47Billion\AppData\Local\Android\Sdk\platform-tools;C:\Users\47Billion\AppData\Local\Android\Sdk\tools;C:\Program Files\Azure Data Studio\bin;C:\Program Files\JetBrains\IntelliJ IDEA Community Edition 2022.2.3\bin;;C:\Users\47Billion\AppData\Local\GitHubDesktop\bin;C:\Users\47Billion\Downloads\apache-jmeter-5.5 (1)\apache-jmeter-5.5\bin;C:\Users\47Billion\.dotnet\tools;C:\Program Files\Java\jdk-21\bin;C:\nvm;C:\nvm\nodejs;."/>
    <property name="java.vm.info" value="mixed mode, sharing"/>
    <property name="stderr.encoding" value="Cp1252"/>
    <property name="java.vendor" value="Oracle Corporation"/>
    <property name="java.vm.version" value="21.0.7+8-LTS-245"/>
    <property name="sun.io.unicode.encoding" value="UnicodeLittle"/>
    <property name="java.class.version" value="65.0"/>
  </properties>
  <testcase name="testDashboardCountsBefore" classname="tests.DashboardTest" time="9.514">
    <system-out><![CDATA[
=========================================================
Starting Flow: DASHBOARD COUNT TEST
=========================================================

===== Dashboard Counts BEFORE Order Flow =====
Total Orders: 1120
Completed Orders: 427
On Time Orders: 15
Queued Orders: 293
]]></system-out>
    <system-err><![CDATA[SLF4J: Failed to load class "org.slf4j.impl.StaticLoggerBinder".
SLF4J: Defaulting to no-operation (NOP) logger implementation
SLF4J: See http://www.slf4j.org/codes.html#StaticLoggerBinder for further details.
Aug 04, 2025 2:40:56 PM org.openqa.selenium.devtools.CdpVersionFinder findNearestMatch
WARNING: Unable to find CDP implementation matching 138
Aug 04, 2025 2:40:56 PM org.openqa.selenium.chromium.ChromiumDriver lambda$new$5
WARNING: Unable to find version of CDP to use for 138.0.7204.169. You may need to include a dependency on a specific version of the CDP using something similar to `org.seleniumhq.selenium:selenium-devtools-v86:4.27.0` where the version ("v86") matches the version of the chromium-based browser you're using and the version number of the artifact is the same as Selenium's.
]]></system-err>
  </testcase>
  <testcase name="testDashboardCountsAfter" classname="tests.DashboardTest" time="0.03">
    <system-out><![CDATA[
=========================================================
Starting Flow: DASHBOARD COUNT TEST
=========================================================

===== Dashboard Counts AFTER Order Flow =====
Total Orders: 1127
Completed Orders: 431
On Time Orders: 16
Queued Orders: 295
]]></system-out>
    <system-err><![CDATA[Aug 04, 2025 2:43:43 PM org.openqa.selenium.devtools.CdpVersionFinder findNearestMatch
WARNING: Unable to find CDP implementation matching 138
Aug 04, 2025 2:43:43 PM org.openqa.selenium.chromium.ChromiumDriver lambda$new$5
WARNING: Unable to find version of CDP to use for 138.0.7204.169. You may need to include a dependency on a specific version of the CDP using something similar to `org.seleniumhq.selenium:selenium-devtools-v86:4.27.0` where the version ("v86") matches the version of the chromium-based browser you're using and the version number of the artifact is the same as Selenium's.
]]></system-err>
  </testcase>
  <testcase name="createOrder" classname="tests.AdminOrderFlowTest" time="2.939">
    <system-out><![CDATA[
=========================================================
Starting Flow: ADMIN ORDER FLOW TEST
=========================================================

Login Successfully with Admin Email: automation@yopmail.com
Create Status Code: 201
Create Customer Response:
{"customerName":"Toshi Automation","customerCode":"CUST7890","workflowId":5,"organizationId":8,"region":"MADHYA PRADESH","soQuantity":1000,"umo":"Kg","soDate":"2025-06-17T09:00:00.000Z","singleRollW":50,"filmType":"LDPE","soNumber":"ORD123456","length":200,"width":120,"coreId":"76","od":45,"noOfRolls":25,"destination":"Indore Distribution Center","salesOrderLineNumber":"SO/9821","packagingType":"Shrink Wrap","salesCategory":"Industrial","grade":"A+","promiseDay":"2025-06-20T09:00:00.000Z","palletType":"Euro","requestDate":"2025-06-17T09:00:00.000Z","consigneeDetails":"Indore Warehouse A1","palletTier":"2","currentStage":1,"createdBy":"afb5cb1f-0753-46f2-b144-1b7f64b5e8ea","assignee":["afb5cb1f-0753-46f2-b144-1b7f64b5e8ea"],"customerOrganizationName":"Kestrel Industries Pvt. Ltd.","headerId":null,"lineId":null,"endDate":null,"splittedAt":null,"isSplitted":null,"parentId":null,"remarks":"","orderStatus":"","orderLineStatus":"","collectorName":"","id":3101,"status":"QUEUED","startDate":"2025-08-04T00:00:00.000Z","createdAt":"2025-08-04T09:11:13.465Z","updatedAt":"2025-08-04T09:11:13.465Z","timeData":{}}
Order ID: 3101
Customer found in queue. Customer Name: Toshi Automation
]]></system-out>
  </testcase>
  <testcase name="downloadcompleteOnTimeReportTest" classname="tests.AdminOrderFlowTest" time="0.769">
    <system-out><![CDATA[CompleteOnTime Report downloaded successfully to: test-output/completeOnTime-report.csv
]]></system-out>
  </testcase>
  <testcase name="downloadcompleteWithDelayReportTest" classname="tests.AdminOrderFlowTest" time="0.32">
    <system-out><![CDATA[CompleteWithDelay Report downloaded successfully to: test-output/completeWithDelay-report.csv
]]></system-out>
  </testcase>
  <testcase name="splitOrder" classname="tests.AdminOrderFlowTest" time="0.246"/>
  <testcase name="updateTAT" classname="tests.AdminOrderFlowTest" time="3.767">
    <system-out><![CDATA[TAT Update Status Code: 200
]]></system-out>
  </testcase>
  <testcase name="addAndAssignUsers" classname="tests.AdminOrderFlowTest" time="3.614">
    <system-out><![CDATA[New Member User ID: c3383981-512b-4b4f-b50b-8e535fac0b38
Assigned user to stage: 2, Email: testuser_1754298652655@yopmail.com
Assigned user to stage: 3, Email: testuser_1754298652655@yopmail.com
Assigned user to stage: 4, Email: testuser_1754298652655@yopmail.com
Assigned user to stage: 5, Email: testuser_1754298652655@yopmail.com
Assigned user to stage: 6, Email: testuser_1754298652655@yopmail.com
Assigned user to stage: 7, Email: testuser_1754298652655@yopmail.com
]]></system-out>
  </testcase>
  <testcase name="addRemarks" classname="tests.AdminOrderFlowTest" time="0.783">
    <system-out><![CDATA[Added remark from admin to stage: 2
Added remark from admin to stage: 3
Added remark from admin to stage: 4
Added remark from admin to stage: 5
Added remark from admin to stage: 6
Added remark from admin to stage: 7
]]></system-out>
  </testcase>
  <testcase name="addAttachments" classname="tests.AdminOrderFlowTest" time="1.144">
    <system-out><![CDATA[Added attachment from admin to stage: 2
Added attachment from admin to stage: 3
Added attachment from admin to stage: 4
Added attachment from admin to stage: 5
Added attachment from admin to stage: 6
Added attachment from admin to stage: 7
]]></system-out>
  </testcase>
  <testcase name="completeStages" classname="tests.AdminOrderFlowTest" time="3.376">
    <system-out><![CDATA[Completed from admin to stage: 2
Completed from admin to stage: 3
Completed from admin to stage: 4
Completed from admin to stage: 5
Completed from admin to stage: 6
Completed from admin to stage: 7
]]></system-out>
  </testcase>
  <testcase name="verifyCompletion" classname="tests.AdminOrderFlowTest" time="2.812">
    <system-out><![CDATA[Order found in completed. Customer Name: Toshi Automation
]]></system-out>
  </testcase>
  <testcase name="updateUser" classname="tests.AdminOrderFlowTest" time="0.161">
    <system-out><![CDATA[User updated successfully. Identity ID: c3383981-512b-4b4f-b50b-8e535fac0b38
]]></system-out>
  </testcase>
  <testcase name="createOrder" classname="tests.AdminSplitOrderFlowTest" time="0.561">
    <system-out><![CDATA[
=========================================================
Starting Flow: ADMIN ORDER WITH SPLIT FLOW TEST
=========================================================

Login Successfully with Admin Email: splitautomation@yopmail.com
Original Order ID (before split): 3102
Customer found in queue. Customer Name: Yadhi Automation
]]></system-out>
  </testcase>
  <testcase name="downloadcompleteOnTimeReportTest" classname="tests.AdminSplitOrderFlowTest" time="0.215">
    <system-out><![CDATA[CompleteOnTime Report downloaded successfully to: test-output/completeOnTime-report.csv
]]></system-out>
  </testcase>
  <testcase name="downloadcompleteWithDelayReportTest" classname="tests.AdminSplitOrderFlowTest" time="0.126">
    <system-out><![CDATA[CompleteWithDelay Report downloaded successfully to: test-output/completeWithDelay-report.csv
]]></system-out>
  </testcase>
  <testcase name="splitOrder" classname="tests.AdminSplitOrderFlowTest" time="0.585">
    <system-out><![CDATA[Using split child Order ID (Part 1): 3105
]]></system-out>
  </testcase>
  <testcase name="updateTAT" classname="tests.AdminSplitOrderFlowTest" time="0.275"/>
  <testcase name="addAndAssignUsers" classname="tests.AdminSplitOrderFlowTest" time="2.472">
    <system-out><![CDATA[New Member User ID: 17e7bb6e-999d-41b3-9a2b-49ef9fb0e3e7
Assigned user to stage: 2, Email: testuser_1754298652742@yopmail.com
Assigned user to stage: 3, Email: testuser_1754298652742@yopmail.com
Assigned user to stage: 4, Email: testuser_1754298652742@yopmail.com
Assigned user to stage: 5, Email: testuser_1754298652742@yopmail.com
Assigned user to stage: 6, Email: testuser_1754298652742@yopmail.com
Assigned user to stage: 7, Email: testuser_1754298652742@yopmail.com
]]></system-out>
  </testcase>
  <testcase name="addRemarks" classname="tests.AdminSplitOrderFlowTest" time="0.735">
    <system-out><![CDATA[Added remark from admin to stage: 2
Added remark from admin to stage: 3
Added remark from admin to stage: 4
Added remark from admin to stage: 5
Added remark from admin to stage: 6
Added remark from admin to stage: 7
]]></system-out>
  </testcase>
  <testcase name="completeStages" classname="tests.AdminSplitOrderFlowTest" time="1.221">
    <system-out><![CDATA[Completing stages for orderId = 3105
Completing stages for orderId = 3105
Completing stages for orderId = 3105
Completing stages for orderId = 3105
Completing stages for orderId = 3105
Completing stages for orderId = 3105
Completing stages for orderId = 3105
]]></system-out>
  </testcase>
  <testcase name="addAttachments" classname="tests.AdminSplitOrderFlowTest" time="0.762">
    <system-out><![CDATA[Added attachment from admin to stage: 2
Added attachment from admin to stage: 3
Added attachment from admin to stage: 4
Added attachment from admin to stage: 5
Added attachment from admin to stage: 6
Added attachment from admin to stage: 7
]]></system-out>
  </testcase>
  <testcase name="verifyCompletion" classname="tests.AdminSplitOrderFlowTest" time="2.381">
    <system-out><![CDATA[Order found in completed. Customer Name: Yadhi Automation
]]></system-out>
  </testcase>
  <testcase name="createOrder" classname="tests.AdminAssigneeOrderFlowTest" time="2.509">
    <system-out><![CDATA[
=========================================================
Starting Flow: ADMIN ASIGNEE ORDER FLOW TEST
=========================================================

Login Successfully with Admin Email:divyaadmin@yopmail.com
Create Status Code: 201
Create Customer Response:
{"customerName":"Mehak Automation","customerCode":"CUST7890","workflowId":5,"organizationId":8,"region":"MADHYA PRADESH","soQuantity":1000,"umo":"Kg","soDate":"2025-06-17T09:00:00.000Z","singleRollW":50,"filmType":"LDPE","soNumber":"ORD123456","length":200,"width":120,"coreId":"76","od":45,"noOfRolls":25,"destination":"Indore Distribution Center","salesOrderLineNumber":"SO/9821","packagingType":"Shrink Wrap","salesCategory":"Industrial","grade":"A+","promiseDay":"2025-06-20T09:00:00.000Z","palletType":"Euro","requestDate":"2025-06-17T09:00:00.000Z","consigneeDetails":"Indore Warehouse A1","palletTier":"2","currentStage":1,"createdBy":"897006fd-ac75-425f-991a-f9edc3db7241","assignee":["897006fd-ac75-425f-991a-f9edc3db7241"],"customerOrganizationName":"Kestrel Industries Pvt. Ltd.","headerId":null,"lineId":null,"endDate":null,"splittedAt":null,"isSplitted":null,"parentId":null,"remarks":"","orderStatus":"","orderLineStatus":"","collectorName":"","id":3106,"status":"QUEUED","startDate":"2025-08-04T00:00:00.000Z","createdAt":"2025-08-04T09:11:43.639Z","updatedAt":"2025-08-04T09:11:43.639Z","timeData":{}}
Order ID: 3106
Customer found in queue. Customer Name: Mehak Automation
]]></system-out>
  </testcase>
  <testcase name="splitOrder" classname="tests.AdminAssigneeOrderFlowTest" time="0.104"/>
  <testcase name="updateTAT" classname="tests.AdminAssigneeOrderFlowTest" time="2.238">
    <system-out><![CDATA[TAT Update Status Code: 200
]]></system-out>
  </testcase>
  <testcase name="addAndAssignUsers" classname="tests.AdminAssigneeOrderFlowTest" time="2.934">
    <system-out><![CDATA[New Member User ID: ad2a04af-4e07-4d1b-b8c8-73ed463aa402
Assigned user to stage: 2, Email: testuser_1754298652807@yopmail.com
Assigned user to stage: 3, Email: testuser_1754298652807@yopmail.com
Assigned user to stage: 4, Email: testuser_1754298652807@yopmail.com
Assigned user to stage: 5, Email: testuser_1754298652807@yopmail.com
Assigned user to stage: 6, Email: testuser_1754298652807@yopmail.com
Assigned user to stage: 7, Email: testuser_1754298652807@yopmail.com
]]></system-out>
  </testcase>
  <testcase name="addRemarks" classname="tests.AdminAssigneeOrderFlowTest" time="0.719">
    <system-out><![CDATA[Added remark from admin to stage: 2
Added remark from admin to stage: 3
Added remark from admin to stage: 4
Added remark from admin to stage: 5
Added remark from admin to stage: 6
Added remark from admin to stage: 7
]]></system-out>
  </testcase>
  <testcase name="addAttachments" classname="tests.AdminAssigneeOrderFlowTest" time="1.043">
    <system-out><![CDATA[Added attachment from admin to stage: 2
Added attachment from admin to stage: 3
Added attachment from admin to stage: 4
Added attachment from admin to stage: 5
Added attachment from admin to stage: 6
Added attachment from admin to stage: 7
]]></system-out>
  </testcase>
  <testcase name="switchToAssignedUser" classname="tests.AdminAssigneeOrderFlowTest" time="0.456">
    <system-out><![CDATA[Switched session to assigned user.testuser_1754298652807@yopmail.com
]]></system-out>
  </testcase>
  <testcase name="termAndConditionAssignedUser" classname="tests.AdminAssigneeOrderFlowTest" time="0.21">
    <system-out><![CDATA[Terms accepted
]]></system-out>
  </testcase>
  <testcase name="completeStagesWithRemarksAndAttachments" classname="tests.AdminAssigneeOrderFlowTest" time="10.459">
    <system-out><![CDATA[Added remark from asignee to stage: 2
Added attachment from asignee to stage: 2
Completed stage from asignee: 2
Added remark from asignee to stage: 3
Added attachment from asignee to stage: 3
Completed stage from asignee: 3
Added remark from asignee to stage: 4
Added attachment from asignee to stage: 4
Completed stage from asignee: 4
Added remark from asignee to stage: 5
Added attachment from asignee to stage: 5
Completed stage from asignee: 5
Added remark from asignee to stage: 6
Added attachment from asignee to stage: 6
Completed stage from asignee: 6
Added remark from asignee to stage: 7
Added attachment from asignee to stage: 7
Completed stage from asignee: 7
]]></system-out>
  </testcase>
  <testcase name="createOrder" classname="tests.AdminMultipleAssigneeOrderFlowTest" time="2.894">
    <system-out><![CDATA[
=========================================================
Starting Flow: ADMIN MULTIPLE ASIGNEE ORDER FLOW TEST
=========================================================

Login Successfully with Admin Email: multipleuseradmin@yopmail.com
Create Status Code: 201
Create Customer Response:
{"customerName":"Kay Automation","customerCode":"CUST7890","workflowId":5,"organizationId":8,"region":"MADHYA PRADESH","soQuantity":1000,"umo":"Kg","soDate":"2025-06-17T09:00:00.000Z","singleRollW":50,"filmType":"LDPE","soNumber":"ORD123456","length":200,"width":120,"coreId":"76","od":45,"noOfRolls":25,"destination":"Indore Distribution Center","salesOrderLineNumber":"SO/9821","packagingType":"Shrink Wrap","salesCategory":"Industrial","grade":"A+","promiseDay":"2025-06-20T09:00:00.000Z","palletType":"Euro","requestDate":"2025-06-17T09:00:00.000Z","consigneeDetails":"Indore Warehouse A1","palletTier":"2","currentStage":1,"createdBy":"34bb2c08-3966-41e0-9865-ce645234fee4","assignee":["34bb2c08-3966-41e0-9865-ce645234fee4"],"customerOrganizationName":"Kestrel Industries Pvt. Ltd.","headerId":null,"lineId":null,"endDate":null,"splittedAt":null,"isSplitted":null,"parentId":null,"remarks":"","orderStatus":"","orderLineStatus":"","collectorName":"","id":3107,"status":"QUEUED","startDate":"2025-08-04T00:00:00.000Z","createdAt":"2025-08-04T09:12:08.138Z","updatedAt":"2025-08-04T09:12:08.138Z","timeData":{}}
Order ID: 3107
Customer found in queue. Customer Name: Kay Automation
]]></system-out>
  </testcase>
  <testcase name="splitOrder" classname="tests.AdminMultipleAssigneeOrderFlowTest" time="0.124"/>
  <testcase name="updateTAT" classname="tests.AdminMultipleAssigneeOrderFlowTest" time="2.271">
    <system-out><![CDATA[TAT Update Status Code: 200
]]></system-out>
  </testcase>
  <testcase name="createAndAssignMultipleUsers" classname="tests.AdminMultipleAssigneeOrderFlowTest" time="5.266"/>
  <testcase name="addRemarks" classname="tests.AdminMultipleAssigneeOrderFlowTest" time="162.779">
    <system-out><![CDATA[Added remark from admin to stage: 2
Added remark from admin to stage: 3
Added remark from admin to stage: 4
Added remark from admin to stage: 5
Added remark from admin to stage: 6
Added remark from admin to stage: 7
]]></system-out>
  </testcase>
  <testcase name="addAttachments" classname="tests.AdminMultipleAssigneeOrderFlowTest" time="0.12">
    <system-out><![CDATA[Added attachment from admin to stage: 2
Added attachment from admin to stage: 3
Added attachment from admin to stage: 4
Added attachment from admin to stage: 5
Added attachment from admin to stage: 6
Added attachment from admin to stage: 7
]]></system-out>
  </testcase>
  <testcase name="acceptTermsForAllUsers" classname="tests.AdminMultipleAssigneeOrderFlowTest" time="0.026">
    <system-out><![CDATA[Terms accepted for: assigneeuser1_1754298652839@yopmail.com
Terms accepted for: assigneeuser2_1754298652839@yopmail.com
Terms accepted for: assigneeuser3_1754298652840@yopmail.com
]]></system-out>
  </testcase>
  <testcase name="performStageActionsAsMultipleUsers" classname="tests.AdminMultipleAssigneeOrderFlowTest" time="0.227">
    <system-out><![CDATA[assignee1Email added remark at stage: 2
assignee2Email added attachment at stage: 2
completed by assignee3Email stage: 2
assignee1Email added remark at stage: 3
assignee2Email added attachment at stage: 3
completed by assignee3Email stage: 3
assignee1Email added remark at stage: 4
assignee2Email added attachment at stage: 4
completed by assignee3Email stage: 4
assignee1Email added remark at stage: 5
assignee2Email added attachment at stage: 5
completed by assignee3Email stage: 5
assignee1Email added remark at stage: 6
assignee2Email added attachment at stage: 6
completed by assignee3Email stage: 6
assignee1Email added remark at stage: 7
assignee2Email added attachment at stage: 7
completed by assignee3Email stage: 7
]]></system-out>
  </testcase>
  <testcase name="createOrder" classname="tests.AdminOrderRejectFlowTest" time="0.007">
    <system-out><![CDATA[
=========================================================
Starting Flow: ADMIN ORDER REJECT FLOW TEST
=========================================================

Login Successfully with Admin Email: rejectautomation@yopmail.com
Create Status Code: 201
Create Customer Response:
{"customerName":"Keshav Automation","customerCode":"CUST7890","workflowId":5,"organizationId":8,"region":"MADHYA PRADESH","soQuantity":1000,"umo":"Kg","soDate":"2025-06-17T09:00:00.000Z","singleRollW":50,"filmType":"LDPE","soNumber":"ORD123456","length":200,"width":120,"coreId":"76","od":45,"noOfRolls":25,"destination":"Indore Distribution Center","salesOrderLineNumber":"SO/9821","packagingType":"Shrink Wrap","salesCategory":"Industrial","grade":"A+","promiseDay":"2025-06-20T09:00:00.000Z","palletType":"Euro","requestDate":"2025-06-17T09:00:00.000Z","consigneeDetails":"Indore Warehouse A1","palletTier":"2","currentStage":1,"createdBy":"30c23242-a2f8-4778-8833-c4495dfe4b16","assignee":["30c23242-a2f8-4778-8833-c4495dfe4b16"],"customerOrganizationName":"Kestrel Industries Pvt. Ltd.","headerId":null,"lineId":null,"endDate":null,"splittedAt":null,"isSplitted":null,"parentId":null,"remarks":"","orderStatus":"","orderLineStatus":"","collectorName":"","id":3108,"status":"QUEUED","startDate":"2025-08-04T00:00:00.000Z","createdAt":"2025-08-04T09:12:38.253Z","updatedAt":"2025-08-04T09:12:38.253Z","timeData":{}}
Order ID: 3108
Customer found in queue. Customer Name: Keshav Automation
]]></system-out>
  </testcase>
  <testcase name="splitOrder" classname="tests.AdminOrderRejectFlowTest" time="0.0"/>
  <testcase name="updateTAT" classname="tests.AdminOrderRejectFlowTest" time="0.011">
    <system-out><![CDATA[TAT Update Status Code: 200
]]></system-out>
  </testcase>
  <testcase name="addAndAssignUsers" classname="tests.AdminOrderRejectFlowTest" time="0.038">
    <system-out><![CDATA[New Member User ID: 00e91ec3-2613-428d-89f3-edc65cb187dc
Assigned user to stage: 2, Email: testuser_1754298652865@yopmail.com
Assigned user to stage: 3, Email: testuser_1754298652865@yopmail.com
Assigned user to stage: 4, Email: testuser_1754298652865@yopmail.com
Assigned user to stage: 5, Email: testuser_1754298652865@yopmail.com
Assigned user to stage: 6, Email: testuser_1754298652865@yopmail.com
Assigned user to stage: 7, Email: testuser_1754298652865@yopmail.com
]]></system-out>
  </testcase>
  <testcase name="completeStages" classname="tests.AdminOrderRejectFlowTest" time="0.019">
    <system-out><![CDATA[Completed Stage 2
Rejected Stage 3 with reason
]]></system-out>
  </testcase>
  <testcase name="verifyRejectOrder" classname="tests.AdminOrderRejectFlowTest" time="0.011">
    <system-out><![CDATA[Order found in on time. Customer Name: Keshav Automation
]]></system-out>
  </testcase>
  <testcase name="compareReportUIAndExcelData" classname="tests.ReportValidationTest" time="0.183">
    <system-out><![CDATA[
=========================================================
Starting Flow: REPORT ASSERTION FLOW TEST
=========================================================

UI [Customer Name]: Vasu Automation
UI [Stage Hrs]: 
UI [Stage 1]: --
UI [Stage 2]: 0.0000
UI [Stage 3]: 0.0000
UI [Stage 4]: 0.0000
UI [Stage 5]: 0.0000
UI [Stage 6]: 0.0000
UI [Stage 7]: 0.0000
UI [TAT Duration Hours]: 0.00
UI [Order Allocate Hours]: 288
UI [Difference Hours]: -288.00
UI [Customer Code]: CUST7890
UI [SO Quantity]: 1000
UI [Film Type]: LDPE
UI [SO Number]: ORD123456
UI [Width (mm)]: 120
UI [Region]: MADHYA PRADESH
UI [UOM]: Kg
UI [Single Roll W]: 50
UI [Length]: 200
UI [Core Id (mm)]: 76
UI [OD (mm)]: 45
UI [No Of Rolls]: 25
UI [Destination]: Indore Distribution Center
UI [Consignee Details]: Indore Warehouse A1
UI [Sales Order Line Number]: SO/9821
UI [Packaging Type]: Shrink Wrap
UI [Sales Category]: Industrial
UI [Grade]: A+
UI [Promise Day]: 06/20/2025
UI [Pallet Type]: Euro
UI [Pallet Tier]: 2
Comparing field: Customer Name | Expected: Vasu Automation | Actual: Vasu Automation
Comparing field: Customer Code | Expected: CUST7890 | Actual: CUST7890
Comparing field: Region | Expected: MADHYA PRADESH | Actual: MADHYA PRADESH
Comparing field: SO Quantity | Expected: 1000 | Actual: 1000
Comparing field: UOM | Expected: Kg | Actual: Kg
Comparing field: Single Roll W | Expected: 50 | Actual: 50
Comparing field: Film Type | Expected: LDPE | Actual: LDPE
Comparing field: SO Number | Expected: ORD123456 | Actual: ORD123456
Comparing field: Length | Expected: 200 | Actual: 200
Comparing field: Width (mm) | Expected: 120 | Actual: 120
Comparing field: Core Id (mm) | Expected: 76 | Actual: 76
Comparing field: OD (mm) | Expected: 45 | Actual: 45
Comparing field: Promise Day | Expected: 06/20/2025 | Actual: 06/20/2025
Comparing field: No Of Rolls | Expected: 25 | Actual: 25
Comparing field: Destination | Expected: Indore Distribution Center | Actual: Indore Distribution Center
Comparing field: Sales Order Line Number | Expected: SO/9821 | Actual: SO/9821
Comparing field: Packaging Type | Expected: Shrink Wrap | Actual: Shrink Wrap
Comparing field: Sales Category | Expected: Industrial | Actual: Industrial
Comparing field: Grade | Expected: A+ | Actual: A+
Comparing field: Pallet Type | Expected: Euro | Actual: Euro
Comparing field: Pallet Tier | Expected: 2 | Actual: 2
Comparing field: TAT Duration Hours | Expected: 0 | Actual: 0.00
Comparing field: Order Allocate Hours | Expected: 288 | Actual: 288
Comparing field: Difference Hours | Expected: -288 | Actual: -288.00
Comparing field: Stage 1 | Expected: 0 | Actual: --
Comparing field: Stage 2 | Expected: 0 | Actual: 0.0000
Comparing field: Stage 3 | Expected: 0 | Actual: 0.0000
Comparing field: Stage 4 | Expected: 0 | Actual: 0.0000
Comparing field: Stage 5 | Expected: 0 | Actual: 0.0000
Comparing field: Stage 6 | Expected: 0 | Actual: 0.0000
Comparing field: Stage 7 | Expected: 0 | Actual: 0.0000
All matched fields validated for: Vasu Automation
]]></system-out>
    <system-err><![CDATA[Aug 04, 2025 2:42:51 PM org.openqa.selenium.devtools.CdpVersionFinder findNearestMatch
WARNING: Unable to find CDP implementation matching 138
Aug 04, 2025 2:42:51 PM org.openqa.selenium.chromium.ChromiumDriver lambda$new$5
WARNING: Unable to find version of CDP to use for 138.0.7204.169. You may need to include a dependency on a specific version of the CDP using something similar to `org.seleniumhq.selenium:selenium-devtools-v86:4.27.0` where the version ("v86") matches the version of the chromium-based browser you're using and the version number of the artifact is the same as Selenium's.
ERROR StatusLogger Log4j2 could not find a logging implementation. Please add log4j-core to the classpath. Using SimpleLogger to log to the console...
]]></system-err>
  </testcase>
  <testcase name="testfillAddUser" classname="tests.AddUserTest" time="0.008">
    <system-out><![CDATA[
=========================================================
Starting Flow: ADDING NEW USER TEST
=========================================================

User Added Successfully: testuser_1754298816412@yopmail.com
]]></system-out>
    <system-err><![CDATA[Aug 04, 2025 2:43:18 PM org.openqa.selenium.devtools.CdpVersionFinder findNearestMatch
WARNING: Unable to find CDP implementation matching 138
Aug 04, 2025 2:43:18 PM org.openqa.selenium.chromium.ChromiumDriver lambda$new$5
WARNING: Unable to find version of CDP to use for 138.0.7204.169. You may need to include a dependency on a specific version of the CDP using something similar to `org.seleniumhq.selenium:selenium-devtools-v86:4.27.0` where the version ("v86") matches the version of the chromium-based browser you're using and the version number of the artifact is the same as Selenium's.
]]></system-err>
  </testcase>
</testsuite>