<?xml version="1.0" encoding="UTF-8"?>
<!-- Generated by org.testng.reporters.JUnitReportReporter -->
<testsuite hostname="DESKTOP-38Q9L5G" failures="0" tests="8" name="tests.AdminOrderRejectFlowTest" time="38.836" errors="0" timestamp="2025-09-09T11:27:13 IST" skipped="0">
  <testcase classname="tests.AdminOrderRejectFlowTest" name="createOrder" time="2.508"/>
  <testcase classname="tests.AdminOrderRejectFlowTest" name="completeStages" time="2.384"/>
  <testcase classname="tests.AdminOrderRejectFlowTest" name="splitOrder" time="0.118"/>
  <testcase classname="tests.AdminOrderRejectFlowTest" name="verifyOrderInUIRejected" time="12.783"/>
  <testcase classname="tests.AdminOrderRejectFlowTest" name="addAndAssignUsers" time="2.970"/>
  <testcase classname="tests.AdminOrderRejectFlowTest" name="verifyRejectOrder" time="2.294"/>
  <testcase classname="tests.AdminOrderRejectFlowTest" name="updateTAT" time="2.445"/>
  <testcase classname="tests.AdminOrderRejectFlowTest" name="verifyOrderInUI" time="13.334"/>
</testsuite> <!-- tests.AdminOrderRejectFlowTest -->
