<?xml version="1.0" encoding="UTF-8"?>
<!-- Generated by org.testng.reporters.JUnitReportReporter -->
<testsuite hostname="DESKTOP-38Q9L5G" failures="0" tests="10" name="tests.AdminSplitOrderFlowTest" time="10.912" errors="0" timestamp="2025-07-31T15:50:57 IST" skipped="0">
  <testcase classname="tests.AdminSplitOrderFlowTest" name="addAndAssignUsers" time="2.608"/>
  <testcase classname="tests.AdminSplitOrderFlowTest" name="addRemarks" time="0.831"/>
  <testcase classname="tests.AdminSplitOrderFlowTest" name="downloadcompleteWithDelayReportTest" time="0.166"/>
  <testcase classname="tests.AdminSplitOrderFlowTest" name="downloadcompleteOnTimeReportTest" time="0.489"/>
  <testcase classname="tests.AdminSplitOrderFlowTest" name="addAttachments" time="1.238"/>
  <testcase classname="tests.AdminSplitOrderFlowTest" name="createOrder" time="0.636"/>
  <testcase classname="tests.AdminSplitOrderFlowTest" name="splitOrder" time="0.762"/>
  <testcase classname="tests.AdminSplitOrderFlowTest" name="completeStages" time="1.488"/>
  <testcase classname="tests.AdminSplitOrderFlowTest" name="updateTAT" time="0.331"/>
  <testcase classname="tests.AdminSplitOrderFlowTest" name="verifyCompletion" time="2.363"/>
</testsuite> <!-- tests.AdminSplitOrderFlowTest -->
