<?xml version="1.0" encoding="UTF-8"?>
<!-- Generated by org.testng.reporters.JUnitReportReporter -->
<testsuite hostname="DESKTOP-38Q9L5G" failures="0" tests="11" name="tests.AdminOrderFlowTest" time="18.394" errors="0" timestamp="2025-07-31T15:50:57 IST" skipped="0">
  <testcase classname="tests.AdminOrderFlowTest" name="addRemarks" time="0.914"/>
  <testcase classname="tests.AdminOrderFlowTest" name="splitOrder" time="0.196"/>
  <testcase classname="tests.AdminOrderFlowTest" name="addAttachments" time="0.928"/>
  <testcase classname="tests.AdminOrderFlowTest" name="updateUser" time="0.184"/>
  <testcase classname="tests.AdminOrderFlowTest" name="createOrder" time="3.027"/>
  <testcase classname="tests.AdminOrderFlowTest" name="completeStages" time="3.864"/>
  <testcase classname="tests.AdminOrderFlowTest" name="verifyCompletion" time="2.410"/>
  <testcase classname="tests.AdminOrderFlowTest" name="downloadcompleteWithDelayReportTest" time="0.155"/>
  <testcase classname="tests.AdminOrderFlowTest" name="downloadcompleteOnTimeReportTest" time="0.502"/>
  <testcase classname="tests.AdminOrderFlowTest" name="updateTAT" time="2.740"/>
  <testcase classname="tests.AdminOrderFlowTest" name="addAndAssignUsers" time="3.474"/>
</testsuite> <!-- tests.AdminOrderFlowTest -->
