<?xml version="1.0" encoding="UTF-8"?>
<!-- Generated by org.testng.reporters.JUnitReportReporter -->
<testsuite hostname="DESKTOP-38Q9L5G" failures="0" tests="2" name="tests.CreateOrderTest" time="129.753" errors="0" timestamp="2025-07-29T12:52:22 IST" skipped="0">
  <testcase classname="tests.CreateOrderTest" name="testFillNewOrderAndCancelviaAdmin" time="84.541"/>
  <testcase classname="tests.CreateOrderTest" name="assigneeFlow" time="45.212"/>
</testsuite> <!-- tests.CreateOrderTest -->
