<?xml version="1.0" encoding="UTF-8"?>
<!-- Generated by org.testng.reporters.JUnitReportReporter -->
<testsuite hostname="DESKTOP-38Q9L5G" failures="0" tests="14" name="tests.AdminOrderFlowTest" time="56.616" errors="0" timestamp="2025-09-09T11:27:13 IST" skipped="0">
  <testcase classname="tests.AdminOrderFlowTest" name="downloadcompleteOnTimeReportTest" time="0.534"/>
  <testcase classname="tests.AdminOrderFlowTest" name="addRemarks" time="0.676"/>
  <testcase classname="tests.AdminOrderFlowTest" name="splitOrder" time="0.178"/>
  <testcase classname="tests.AdminOrderFlowTest" name="completeStages" time="3.308"/>
  <testcase classname="tests.AdminOrderFlowTest" name="addAndAssignUsers" time="2.433"/>
  <testcase classname="tests.AdminOrderFlowTest" name="verifyOrderInUI" time="12.407"/>
  <testcase classname="tests.AdminOrderFlowTest" name="verifyOrderInUICompleted" time="13.103"/>
  <testcase classname="tests.AdminOrderFlowTest" name="updateUser" time="0.150"/>
  <testcase classname="tests.AdminOrderFlowTest" name="addAttachments" time="0.651"/>
  <testcase classname="tests.AdminOrderFlowTest" name="createOrder" time="2.531"/>
  <testcase classname="tests.AdminOrderFlowTest" name="updateTAT" time="2.815"/>
  <testcase classname="tests.AdminOrderFlowTest" name="verifyCompletion" time="2.318"/>
  <testcase classname="tests.AdminOrderFlowTest" name="verifyStatusCompletedViaUI" time="15.331"/>
  <testcase classname="tests.AdminOrderFlowTest" name="downloadcompleteWithDelayReportTest" time="0.181"/>
</testsuite> <!-- tests.AdminOrderFlowTest -->
