<?xml version="1.0" encoding="UTF-8"?>
<!-- Generated by org.testng.reporters.JUnitReportReporter -->
<testsuite hostname="DESKTOP-38Q9L5G" failures="0" tests="11" name="tests.AdminSplitOrderFlowTest" time="10.690" errors="0" timestamp="2025-09-09T11:27:13 IST" skipped="0">
  <testcase classname="tests.AdminSplitOrderFlowTest" name="addRemarks" time="0.806"/>
  <testcase classname="tests.AdminSplitOrderFlowTest" name="addAttachments" time="0.667"/>
  <testcase classname="tests.AdminSplitOrderFlowTest" name="addAndAssignUsers" time="2.639"/>
  <testcase classname="tests.AdminSplitOrderFlowTest" name="splitOrder" time="0.810"/>
  <testcase classname="tests.AdminSplitOrderFlowTest" name="downloadcompleteOnTimeReportTest" time="0.600"/>
  <testcase classname="tests.AdminSplitOrderFlowTest" name="createOrder" time="0.669"/>
  <testcase classname="tests.AdminSplitOrderFlowTest" name="verifyCompletion" time="2.364"/>
  <testcase classname="tests.AdminSplitOrderFlowTest" name="downloadcompleteWithDelayReportTest" time="0.170"/>
  <testcase classname="tests.AdminSplitOrderFlowTest" name="completeStages" time="1.182"/>
  <testcase classname="tests.AdminSplitOrderFlowTest" name="updateUser" time="0.200"/>
  <testcase classname="tests.AdminSplitOrderFlowTest" name="updateTAT" time="0.583"/>
</testsuite> <!-- tests.AdminSplitOrderFlowTest -->
