<?xml version="1.0" encoding="UTF-8"?>
<!-- Generated by org.testng.reporters.JUnitReportReporter -->
<testsuite hostname="DESKTOP-38Q9L5G" failures="0" tests="9" name="tests.AdminAssigneeOrderFlowTest" time="19.391" errors="0" timestamp="2025-09-09T11:27:13 IST" skipped="0">
  <testcase classname="tests.AdminAssigneeOrderFlowTest" name="termAndConditionAssignedUser" time="0.194"/>
  <testcase classname="tests.AdminAssigneeOrderFlowTest" name="completeStagesWithRemarksAndAttachments" time="9.691"/>
  <testcase classname="tests.AdminAssigneeOrderFlowTest" name="createOrder" time="2.563"/>
  <testcase classname="tests.AdminAssigneeOrderFlowTest" name="addAndAssignUsers" time="2.792"/>
  <testcase classname="tests.AdminAssigneeOrderFlowTest" name="addRemarks" time="0.666"/>
  <testcase classname="tests.AdminAssigneeOrderFlowTest" name="splitOrder" time="0.117"/>
  <testcase classname="tests.AdminAssigneeOrderFlowTest" name="updateTAT" time="2.287"/>
  <testcase classname="tests.AdminAssigneeOrderFlowTest" name="addAttachments" time="0.727"/>
  <testcase classname="tests.AdminAssigneeOrderFlowTest" name="switchToAssignedUser" time="0.354"/>
</testsuite> <!-- tests.AdminAssigneeOrderFlowTest -->
