<?xml version="1.0" encoding="UTF-8"?>
<!-- Generated by org.testng.reporters.JUnitReportReporter -->
<testsuite hostname="DESKTOP-38Q9L5G" failures="0" tests="9" name="tests.AdminAssigneeOrderFlowTest" time="21.750" errors="0" timestamp="2025-07-30T18:22:44 IST" skipped="0">
  <testcase classname="tests.AdminAssigneeOrderFlowTest" name="createOrder" time="2.694"/>
  <testcase classname="tests.AdminAssigneeOrderFlowTest" name="addAttachments" time="1.154"/>
  <testcase classname="tests.AdminAssigneeOrderFlowTest" name="addRemarks" time="1.357"/>
  <testcase classname="tests.AdminAssigneeOrderFlowTest" name="updateTAT" time="2.343"/>
  <testcase classname="tests.AdminAssigneeOrderFlowTest" name="termAndConditionAssignedUser" time="0.168"/>
  <testcase classname="tests.AdminAssigneeOrderFlowTest" name="splitOrder" time="0.138"/>
  <testcase classname="tests.AdminAssigneeOrderFlowTest" name="addAndAssignUsers" time="3.244"/>
  <testcase classname="tests.AdminAssigneeOrderFlowTest" name="completeStagesWithRemarksAndAttachments" time="10.194"/>
  <testcase classname="tests.AdminAssigneeOrderFlowTest" name="switchToAssignedUser" time="0.458"/>
</testsuite> <!-- tests.AdminAssigneeOrderFlowTest -->
