<?xml version="1.0" encoding="UTF-8"?>
<!-- Generated by org.testng.reporters.JUnitReportReporter -->
<testsuite hostname="DESKTOP-38Q9L5G" failures="0" tests="1" name="tests.completeStagesWithAssignee" time="12.038" errors="0" timestamp="2025-08-21T12:46:48 IST" skipped="0">
  <testcase classname="tests.completeStagesWithAssignee" name="completeStagesWithDetails" time="12.038"/>
</testsuite> <!-- tests.completeStagesWithAssignee -->
