<?xml version="1.0" encoding="UTF-8"?>
<!-- Generated by org.testng.reporters.JUnitReportReporter -->
<testsuite hostname="DESKTOP-38Q9L5G" failures="0" tests="1" name="tests.AddUserTest" time="36.087" errors="0" timestamp="2025-08-05T09:59:11 IST" skipped="0">
  <testcase classname="tests.AddUserTest" name="testfillAddUser" time="36.087"/>
</testsuite> <!-- tests.AddUserTest -->
