<?xml version="1.0" encoding="UTF-8"?>
<!-- Generated by org.testng.reporters.JUnitReportReporter -->
<testsuite hostname="DESKTOP-38Q9L5G" failures="0" tests="9" name="tests.AdminAssigneeOrderFlowTest" time="20.302" errors="0" timestamp="2025-07-29T11:33:27 IST" skipped="0">
  <testcase classname="tests.AdminAssigneeOrderFlowTest" name="splitOrder" time="0.164"/>
  <testcase classname="tests.AdminAssigneeOrderFlowTest" name="addAndAssignUsers" time="2.816"/>
  <testcase classname="tests.AdminAssigneeOrderFlowTest" name="termAndConditionAssignedUser" time="0.178"/>
  <testcase classname="tests.AdminAssigneeOrderFlowTest" name="completeStagesWithRemarksAndAttachments" time="10.008"/>
  <testcase classname="tests.AdminAssigneeOrderFlowTest" name="addRemarks" time="0.848"/>
  <testcase classname="tests.AdminAssigneeOrderFlowTest" name="updateTAT" time="2.356"/>
  <testcase classname="tests.AdminAssigneeOrderFlowTest" name="switchToAssignedUser" time="0.463"/>
  <testcase classname="tests.AdminAssigneeOrderFlowTest" name="createOrder" time="2.648"/>
  <testcase classname="tests.AdminAssigneeOrderFlowTest" name="addAttachments" time="0.821"/>
</testsuite> <!-- tests.AdminAssigneeOrderFlowTest -->
