<?xml version="1.0" encoding="UTF-8"?>
<!-- Generated by org.testng.reporters.JUnitReportReporter -->
<testsuite hostname="DESKTOP-38Q9L5G" failures="0" tests="1" name="tests.ReportValidationTest" time="23.635" errors="0" timestamp="2025-08-04T10:13:41 IST" skipped="0">
  <testcase classname="tests.ReportValidationTest" name="compareReportUIAndExcelData" time="23.635"/>
</testsuite> <!-- tests.ReportValidationTest -->
