<?xml version="1.0" encoding="UTF-8"?>
<!-- Generated by org.testng.reporters.JUnitReportReporter -->
<testsuite hostname="DESKTOP-38Q9L5G" failures="0" tests="8" name="tests.AdminMultipleAssigneeOrderFlowTest" time="31.671" errors="0" timestamp="2025-08-26T11:30:17 IST" skipped="0">
  <testcase classname="tests.AdminMultipleAssigneeOrderFlowTest" name="addRemarks" time="0.613"/>
  <testcase classname="tests.AdminMultipleAssigneeOrderFlowTest" name="updateTAT" time="2.605"/>
  <testcase classname="tests.AdminMultipleAssigneeOrderFlowTest" name="addAttachments" time="0.894"/>
  <testcase classname="tests.AdminMultipleAssigneeOrderFlowTest" name="createAndAssignMultipleUsers" time="5.151"/>
  <testcase classname="tests.AdminMultipleAssigneeOrderFlowTest" name="acceptTermsForAllUsers" time="1.612"/>
  <testcase classname="tests.AdminMultipleAssigneeOrderFlowTest" name="splitOrder" time="0.106"/>
  <testcase classname="tests.AdminMultipleAssigneeOrderFlowTest" name="performStageActionsAsMultipleUsers" time="18.129"/>
  <testcase classname="tests.AdminMultipleAssigneeOrderFlowTest" name="createOrder" time="2.561"/>
</testsuite> <!-- tests.AdminMultipleAssigneeOrderFlowTest -->
