<?xml version="1.0" encoding="UTF-8"?>
<!-- Generated by org.testng.reporters.JUnitReportReporter -->
<testsuite hostname="DESKTOP-38Q9L5G" failures="0" tests="1" name="tests.OrderCreationTest" time="1.899" errors="0" timestamp="2025-08-21T12:46:48 IST" skipped="0">
  <testcase classname="tests.OrderCreationTest" name="createOrder" time="1.899"/>
</testsuite> <!-- tests.OrderCreationTest -->
