<?xml version="1.0" encoding="UTF-8"?>
<!-- Generated by org.testng.reporters.JUnitReportReporter -->
<testsuite hostname="DESKTOP-38Q9L5G" failures="0" tests="11" name="tests.AdminOrderFlowTest" time="22.655" errors="0" timestamp="2025-08-05T09:59:11 IST" skipped="0">
  <testcase classname="tests.AdminOrderFlowTest" name="downloadcompleteOnTimeReportTest" time="0.381"/>
  <testcase classname="tests.AdminOrderFlowTest" name="createOrder" time="4.060"/>
  <testcase classname="tests.AdminOrderFlowTest" name="addRemarks" time="0.842"/>
  <testcase classname="tests.AdminOrderFlowTest" name="addAndAssignUsers" time="5.057"/>
  <testcase classname="tests.AdminOrderFlowTest" name="splitOrder" time="0.146"/>
  <testcase classname="tests.AdminOrderFlowTest" name="updateTAT" time="5.137"/>
  <testcase classname="tests.AdminOrderFlowTest" name="completeStages" time="3.337"/>
  <testcase classname="tests.AdminOrderFlowTest" name="addAttachments" time="0.868"/>
  <testcase classname="tests.AdminOrderFlowTest" name="verifyCompletion" time="2.335"/>
  <testcase classname="tests.AdminOrderFlowTest" name="downloadcompleteWithDelayReportTest" time="0.273"/>
  <testcase classname="tests.AdminOrderFlowTest" name="updateUser" time="0.219"/>
</testsuite> <!-- tests.AdminOrderFlowTest -->
