<?xml version="1.0" encoding="UTF-8"?>
<!-- Generated by org.testng.reporters.JUnitReportReporter -->
<testsuite hostname="DESKTOP-38Q9L5G" failures="0" tests="8" name="tests.WorkflowMixStagesAPITest" time="25.764" errors="0" timestamp="2025-08-12T17:53:29 IST" skipped="0">
  <testcase classname="tests.WorkflowMixStagesAPITest" name="splitOrder" time="0.169"/>
  <testcase classname="tests.WorkflowMixStagesAPITest" name="addAndAssignUsers" time="2.226"/>
  <testcase classname="tests.WorkflowMixStagesAPITest" name="verifyCompletion" time="3.337"/>
  <testcase classname="tests.WorkflowMixStagesAPITest" name="completeStages" time="4.803"/>
  <testcase classname="tests.WorkflowMixStagesAPITest" name="addRemarks" time="1.358"/>
  <testcase classname="tests.WorkflowMixStagesAPITest" name="addAttachments" time="1.707"/>
  <testcase classname="tests.WorkflowMixStagesAPITest" name="createOrder" time="4.541"/>
  <testcase classname="tests.WorkflowMixStagesAPITest" name="updateTAT" time="7.623"/>
</testsuite> <!-- tests.WorkflowMixStagesAPITest -->
