<?xml version="1.0" encoding="UTF-8"?>
<!-- Generated by org.testng.reporters.JUnitReportReporter -->
<testsuite hostname="DESKTOP-38Q9L5G" failures="0" tests="8" name="tests.WorkflowMixStagesAPITest" time="29.355" errors="0" timestamp="2025-08-13T14:43:25 IST" skipped="0">
  <testcase classname="tests.WorkflowMixStagesAPITest" name="completeStages" time="4.371"/>
  <testcase classname="tests.WorkflowMixStagesAPITest" name="updateTAT" time="12.616"/>
  <testcase classname="tests.WorkflowMixStagesAPITest" name="createOrder" time="4.230"/>
  <testcase classname="tests.WorkflowMixStagesAPITest" name="addRemarks" time="1.379"/>
  <testcase classname="tests.WorkflowMixStagesAPITest" name="addAndAssignUsers" time="1.713"/>
  <testcase classname="tests.WorkflowMixStagesAPITest" name="addAttachments" time="1.179"/>
  <testcase classname="tests.WorkflowMixStagesAPITest" name="splitOrder" time="0.231"/>
  <testcase classname="tests.WorkflowMixStagesAPITest" name="verifyCompletion" time="3.636"/>
</testsuite> <!-- tests.WorkflowMixStagesAPITest -->
