<?xml version="1.0" encoding="UTF-8"?>
<!-- Generated by org.testng.reporters.JUnitReportReporter -->
<testsuite hostname="DESKTOP-38Q9L5G" failures="0" tests="2" name="tests.CreateOrderTest" time="141.777" errors="0" timestamp="2025-08-04T13:36:43 IST" skipped="0">
  <testcase classname="tests.CreateOrderTest" name="testFillNewOrderAndCancelviaAdmin" time="92.600"/>
  <testcase classname="tests.CreateOrderTest" name="assigneeFlow" time="49.177"/>
</testsuite> <!-- tests.CreateOrderTest -->
