<?xml version="1.0" encoding="UTF-8"?>
<!-- Generated by org.testng.reporters.JUnitReportReporter -->
<testsuite hostname="DESKTOP-38Q9L5G" failures="0" tests="1" name="tests.MyTaskFlowAssigneeTest" time="10.454" errors="0" timestamp="2025-06-26T14:59:25 IST" skipped="0">
  <testcase classname="tests.MyTaskFlowAssigneeTest" name="assigneeFlow" time="10.454"/>
</testsuite> <!-- tests.MyTaskFlowAssigneeTest -->
