<?xml version="1.0" encoding="UTF-8"?>
<!-- Generated by org.testng.reporters.JUnitReportReporter -->
<testsuite hostname="DESKTOP-38Q9L5G" failures="0" tests="1" name="tests.ProductFlowOnTimeTest" time="176.588" errors="0" timestamp="2025-05-31T10:03:12 IST" skipped="0">
  <testcase classname="tests.ProductFlowOnTimeTest" name="verifyOrderFlowAfterNewOrder" time="176.588"/>
</testsuite> <!-- tests.ProductFlowOnTimeTest -->
