<?xml version="1.0" encoding="UTF-8"?>
<!-- Generated by org.testng.reporters.JUnitReportReporter -->
<testsuite hostname="DESKTOP-38Q9L5G" failures="0" tests="2" name="tests.CreateOrderTest" time="151.442" errors="0" timestamp="2025-07-31T15:19:39 IST" skipped="0">
  <testcase classname="tests.CreateOrderTest" name="testFillNewOrderAndCancelviaAdmin" time="98.594"/>
  <testcase classname="tests.CreateOrderTest" name="assigneeFlow" time="52.848"/>
</testsuite> <!-- tests.CreateOrderTest -->
