<?xml version="1.0" encoding="UTF-8"?>
<!-- Generated by org.testng.reporters.JUnitReportReporter -->
<testsuite hostname="DESKTOP-38Q9L5G" failures="0" tests="2" name="tests.AssigneeLogin" time="0.588" errors="0" timestamp="2025-07-29T13:10:54 IST" skipped="0">
  <testcase classname="tests.AssigneeLogin" name="loginAssignee" time="0.424"/>
  <testcase classname="tests.AssigneeLogin" name="acceptTerms" time="0.164"/>
</testsuite> <!-- tests.AssigneeLogin -->
