<?xml version="1.0" encoding="UTF-8"?>
<!-- Generated by org.testng.reporters.JUnitReportReporter -->
<testsuite hostname="DESKTOP-38Q9L5G" failures="0" tests="8" name="tests.WorkflowCloseStagesAPITest" time="16.808" errors="0" timestamp="2025-08-18T11:51:31 IST" skipped="0">
  <testcase classname="tests.WorkflowCloseStagesAPITest" name="completeStages" time="3.508"/>
  <testcase classname="tests.WorkflowCloseStagesAPITest" name="addAndAssignUsers" time="1.256"/>
  <testcase classname="tests.WorkflowCloseStagesAPITest" name="updateTAT" time="2.778"/>
  <testcase classname="tests.WorkflowCloseStagesAPITest" name="addAttachments" time="0.748"/>
  <testcase classname="tests.WorkflowCloseStagesAPITest" name="splitOrder" time="0.143"/>
  <testcase classname="tests.WorkflowCloseStagesAPITest" name="addRemarks" time="0.819"/>
  <testcase classname="tests.WorkflowCloseStagesAPITest" name="createOrder" time="4.202"/>
  <testcase classname="tests.WorkflowCloseStagesAPITest" name="verifyCompletion" time="3.354"/>
</testsuite> <!-- tests.WorkflowCloseStagesAPITest -->
