<?xml version="1.0" encoding="UTF-8"?>
<!-- Generated by org.testng.reporters.JUnitReportReporter -->
<testsuite hostname="DESKTOP-38Q9L5G" failures="0" tests="1" name="tests.ProductFlowQueuedTest" time="85.119" errors="0" timestamp="2025-06-09T16:12:39 IST" skipped="0">
  <testcase classname="tests.ProductFlowQueuedTest" name="verifyOrderFlowAfterNewOrder" time="85.119"/>
</testsuite> <!-- tests.ProductFlowQueuedTest -->
