<?xml version="1.0" encoding="UTF-8"?>
<!-- Generated by org.testng.reporters.JUnitReportReporter -->
<testsuite hostname="DESKTOP-38Q9L5G" failures="0" tests="2" name="tests.ReportDownloadTest" time="0.976" errors="0" timestamp="2025-08-21T12:46:04 IST" skipped="0">
  <testcase classname="tests.ReportDownloadTest" name="downloadCompleteWithDelayReport" time="0.167"/>
  <testcase classname="tests.ReportDownloadTest" name="downloadCompleteOnTimeReport" time="0.809"/>
</testsuite> <!-- tests.ReportDownloadTest -->
