<?xml version="1.0" encoding="UTF-8"?>
<!-- Generated by org.testng.reporters.JUnitReportReporter -->
<testsuite hostname="DESKTOP-38Q9L5G" failures="0" tests="11" name="tests.AdminSplitOrderFlowTest" time="10.379" errors="0" timestamp="2025-08-13T10:57:03 IST" skipped="0">
  <testcase classname="tests.AdminSplitOrderFlowTest" name="updateUser" time="0.460"/>
  <testcase classname="tests.AdminSplitOrderFlowTest" name="downloadcompleteOnTimeReportTest" time="0.558"/>
  <testcase classname="tests.AdminSplitOrderFlowTest" name="addRemarks" time="0.755"/>
  <testcase classname="tests.AdminSplitOrderFlowTest" name="downloadcompleteWithDelayReportTest" time="0.136"/>
  <testcase classname="tests.AdminSplitOrderFlowTest" name="addAttachments" time="0.750"/>
  <testcase classname="tests.AdminSplitOrderFlowTest" name="completeStages" time="1.563"/>
  <testcase classname="tests.AdminSplitOrderFlowTest" name="createOrder" time="0.477"/>
  <testcase classname="tests.AdminSplitOrderFlowTest" name="verifyCompletion" time="2.284"/>
  <testcase classname="tests.AdminSplitOrderFlowTest" name="addAndAssignUsers" time="2.476"/>
  <testcase classname="tests.AdminSplitOrderFlowTest" name="splitOrder" time="0.638"/>
  <testcase classname="tests.AdminSplitOrderFlowTest" name="updateTAT" time="0.282"/>
</testsuite> <!-- tests.AdminSplitOrderFlowTest -->
