<?xml version="1.0" encoding="UTF-8"?>
<!-- Generated by org.testng.reporters.JUnitReportReporter -->
<testsuite hostname="DESKTOP-38Q9L5G" failures="0" tests="1" name="tests.AdminOrderFlow" time="12.690" errors="0" timestamp="2025-06-25T12:55:54 IST" skipped="0">
  <testcase classname="tests.AdminOrderFlow" name="createOrderWithSessionAndVerifyInQueue" time="12.690"/>
</testsuite> <!-- tests.AdminOrderFlow -->
