<?xml version="1.0" encoding="UTF-8"?>
<!-- Generated by org.testng.reporters.JUnitReportReporter -->
<testsuite hostname="DESKTOP-38Q9L5G" failures="0" tests="2" name="tests.DashboardTest" time="13.913" errors="0" timestamp="2025-09-09T11:27:13 IST" skipped="0">
  <testcase classname="tests.DashboardTest" name="testDashboardCountsAfter" time="7.175"/>
  <testcase classname="tests.DashboardTest" name="testDashboardCountsBefore" time="6.738"/>
</testsuite> <!-- tests.DashboardTest -->
