<?xml version="1.0" encoding="UTF-8"?>
<!-- Generated by org.testng.reporters.JUnitReportReporter -->
<testsuite hostname="DESKTOP-38Q9L5G" failures="0" tests="1" name="tests.completeStagesWithAssignee" time="9.793" errors="0" timestamp="2025-08-05T09:49:15 IST" skipped="0">
  <testcase classname="tests.completeStagesWithAssignee" name="completeStagesWithDetails" time="9.793"/>
</testsuite> <!-- tests.completeStagesWithAssignee -->
