<?xml version="1.0" encoding="UTF-8"?>
<!-- Generated by org.testng.reporters.JUnitReportReporter -->
<testsuite hostname="DESKTOP-38Q9L5G" failures="0" tests="2" name="tests.CreateOrderTest" time="132.307" errors="0" timestamp="2025-07-23T12:54:44 IST" skipped="0">
  <testcase classname="tests.CreateOrderTest" name="testFillNewOrderAndCancelviaAdmin" time="84.014"/>
  <testcase classname="tests.CreateOrderTest" name="assigneeFlow" time="48.293"/>
</testsuite> <!-- tests.CreateOrderTest -->
