<?xml version="1.0" encoding="UTF-8"?>
<!-- Generated by org.testng.reporters.JUnitReportReporter -->
<testsuite hostname="DESKTOP-38Q9L5G" failures="0" tests="8" name="tests.WorkflowOpenAPITest" time="24.557" errors="0" timestamp="2025-08-18T11:51:31 IST" skipped="0">
  <testcase classname="tests.WorkflowOpenAPITest" name="addAndAssignUsers" time="1.696"/>
  <testcase classname="tests.WorkflowOpenAPITest" name="addRemarks" time="1.645"/>
  <testcase classname="tests.WorkflowOpenAPITest" name="completeStages" time="3.820"/>
  <testcase classname="tests.WorkflowOpenAPITest" name="verifyCompletion" time="3.854"/>
  <testcase classname="tests.WorkflowOpenAPITest" name="createOrder" time="6.040"/>
  <testcase classname="tests.WorkflowOpenAPITest" name="splitOrder" time="0.187"/>
  <testcase classname="tests.WorkflowOpenAPITest" name="addAttachments" time="0.997"/>
  <testcase classname="tests.WorkflowOpenAPITest" name="updateTAT" time="6.318"/>
</testsuite> <!-- tests.WorkflowOpenAPITest -->
