<?xml version="1.0" encoding="UTF-8"?>
<!-- Generated by org.testng.reporters.JUnitReportReporter -->
<testsuite hostname="DESKTOP-38Q9L5G" failures="0" tests="8" name="tests.AdminOrderRejectFlowTest" time="37.600" errors="0" timestamp="2025-08-26T11:30:17 IST" skipped="0">
  <testcase classname="tests.AdminOrderRejectFlowTest" name="completeStages" time="2.342"/>
  <testcase classname="tests.AdminOrderRejectFlowTest" name="splitOrder" time="0.102"/>
  <testcase classname="tests.AdminOrderRejectFlowTest" name="verifyRejectOrder" time="2.246"/>
  <testcase classname="tests.AdminOrderRejectFlowTest" name="verifyOrderInUI" time="13.455"/>
  <testcase classname="tests.AdminOrderRejectFlowTest" name="verifyOrderInUIRejected" time="11.649"/>
  <testcase classname="tests.AdminOrderRejectFlowTest" name="createOrder" time="2.465"/>
  <testcase classname="tests.AdminOrderRejectFlowTest" name="updateTAT" time="3.327"/>
  <testcase classname="tests.AdminOrderRejectFlowTest" name="addAndAssignUsers" time="2.014"/>
</testsuite> <!-- tests.AdminOrderRejectFlowTest -->
