<?xml version="1.0" encoding="UTF-8"?>
<!-- Generated by org.testng.reporters.JUnitReportReporter -->
<testsuite hostname="DESKTOP-38Q9L5G" failures="0" tests="8" name="tests.WorkflowOpenAPITest" time="19.256" errors="0" timestamp="2025-09-09T11:27:13 IST" skipped="0">
  <testcase classname="tests.WorkflowOpenAPITest" name="addRemarks" time="0.688"/>
  <testcase classname="tests.WorkflowOpenAPITest" name="addAttachments" time="0.445"/>
  <testcase classname="tests.WorkflowOpenAPITest" name="splitOrder" time="0.107"/>
  <testcase classname="tests.WorkflowOpenAPITest" name="addAndAssignUsers" time="1.089"/>
  <testcase classname="tests.WorkflowOpenAPITest" name="verifyCompletion" time="3.650"/>
  <testcase classname="tests.WorkflowOpenAPITest" name="updateTAT" time="5.809"/>
  <testcase classname="tests.WorkflowOpenAPITest" name="completeStages" time="2.842"/>
  <testcase classname="tests.WorkflowOpenAPITest" name="createOrder" time="4.626"/>
</testsuite> <!-- tests.WorkflowOpenAPITest -->
