<?xml version="1.0" encoding="UTF-8"?>
<!-- Generated by org.testng.reporters.JUnitReportReporter -->
<testsuite hostname="DESKTOP-38Q9L5G" failures="0" tests="2" name="tests.AssigneeLogin" time="0.581" errors="0" timestamp="2025-06-25T16:23:26 IST" skipped="0">
  <testcase classname="tests.AssigneeLogin" name="acceptTerms" time="0.165"/>
  <testcase classname="tests.AssigneeLogin" name="loginAssignee" time="0.416"/>
</testsuite> <!-- tests.AssigneeLogin -->
