<?xml version="1.0" encoding="UTF-8"?>
<!-- Generated by org.testng.reporters.JUnitReportReporter -->
<testsuite hostname="DESKTOP-38Q9L5G" failures="0" tests="1" name="tests.WorkflowOpenStagesTest" time="91.061" errors="0" timestamp="2025-08-25T17:11:03 IST" skipped="0">
  <testcase classname="tests.WorkflowOpenStagesTest" name="workflowOpenForAllStages" time="91.061"/>
</testsuite> <!-- tests.WorkflowOpenStagesTest -->
