<?xml version="1.0" encoding="UTF-8"?>
<!-- Generated by org.testng.reporters.JUnitReportReporter -->
<testsuite hostname="DESKTOP-38Q9L5G" failures="0" tests="8" name="tests.WorkflowCloseStagesAPITest" time="20.447" errors="0" timestamp="2025-09-09T11:27:13 IST" skipped="0">
  <testcase classname="tests.WorkflowCloseStagesAPITest" name="createOrder" time="4.057"/>
  <testcase classname="tests.WorkflowCloseStagesAPITest" name="completeStages" time="3.233"/>
  <testcase classname="tests.WorkflowCloseStagesAPITest" name="splitOrder" time="0.100"/>
  <testcase classname="tests.WorkflowCloseStagesAPITest" name="updateTAT" time="3.083"/>
  <testcase classname="tests.WorkflowCloseStagesAPITest" name="verifyCompletion" time="7.602"/>
  <testcase classname="tests.WorkflowCloseStagesAPITest" name="addRemarks" time="0.643"/>
  <testcase classname="tests.WorkflowCloseStagesAPITest" name="addAttachments" time="0.653"/>
  <testcase classname="tests.WorkflowCloseStagesAPITest" name="addAndAssignUsers" time="1.076"/>
</testsuite> <!-- tests.WorkflowCloseStagesAPITest -->
