<?xml version="1.0" encoding="UTF-8"?>
<!-- Generated by org.testng.reporters.JUnitReportReporter -->
<testsuite hostname="DESKTOP-38Q9L5G" failures="0" tests="8" name="tests.WorkflowCloseStagesAPITest" time="19.746" errors="0" timestamp="2025-08-13T12:39:12 IST" skipped="0">
  <testcase classname="tests.WorkflowCloseStagesAPITest" name="verifyCompletion" time="3.493"/>
  <testcase classname="tests.WorkflowCloseStagesAPITest" name="createOrder" time="4.319"/>
  <testcase classname="tests.WorkflowCloseStagesAPITest" name="completeStages" time="3.574"/>
  <testcase classname="tests.WorkflowCloseStagesAPITest" name="addAttachments" time="1.399"/>
  <testcase classname="tests.WorkflowCloseStagesAPITest" name="addAndAssignUsers" time="2.791"/>
  <testcase classname="tests.WorkflowCloseStagesAPITest" name="splitOrder" time="0.164"/>
  <testcase classname="tests.WorkflowCloseStagesAPITest" name="addRemarks" time="1.196"/>
  <testcase classname="tests.WorkflowCloseStagesAPITest" name="updateTAT" time="2.810"/>
</testsuite> <!-- tests.WorkflowCloseStagesAPITest -->
