<?xml version="1.0" encoding="UTF-8"?>
<!-- Generated by org.testng.reporters.JUnitReportReporter -->
<testsuite hostname="DESKTOP-38Q9L5G" failures="0" tests="2" name="tests.RemarkAndAttachmentTest" time="2.261" errors="0" timestamp="2025-07-02T12:27:34 IST" skipped="0">
  <testcase classname="tests.RemarkAndAttachmentTest" name="addRemarks" time="1.153"/>
  <testcase classname="tests.RemarkAndAttachmentTest" name="addAttachments" time="1.108"/>
</testsuite> <!-- tests.RemarkAndAttachmentTest -->
