<?xml version="1.0" encoding="UTF-8"?>
<!-- Generated by org.testng.reporters.JUnitReportReporter -->
<testsuite hostname="DESKTOP-38Q9L5G" failures="0" tests="11" name="tests.AdminOrderFlowTest" time="19.510" errors="0" timestamp="2025-07-24T09:40:44 IST" skipped="0">
  <testcase classname="tests.AdminOrderFlowTest" name="addRemarks" time="0.989"/>
  <testcase classname="tests.AdminOrderFlowTest" name="downloadcompleteWithDelayReportTest" time="0.529"/>
  <testcase classname="tests.AdminOrderFlowTest" name="createOrder" time="3.876"/>
  <testcase classname="tests.AdminOrderFlowTest" name="addAttachments" time="0.959"/>
  <testcase classname="tests.AdminOrderFlowTest" name="downloadcompleteOnTimeReportTest" time="0.755"/>
  <testcase classname="tests.AdminOrderFlowTest" name="completeStages" time="3.500"/>
  <testcase classname="tests.AdminOrderFlowTest" name="verifyCompletion" time="2.567"/>
  <testcase classname="tests.AdminOrderFlowTest" name="splitOrder" time="0.201"/>
  <testcase classname="tests.AdminOrderFlowTest" name="updateUser" time="0.311"/>
  <testcase classname="tests.AdminOrderFlowTest" name="addAndAssignUsers" time="3.101"/>
  <testcase classname="tests.AdminOrderFlowTest" name="updateTAT" time="2.722"/>
</testsuite> <!-- tests.AdminOrderFlowTest -->
