<?xml version="1.0" encoding="UTF-8"?>
<!-- Generated by org.testng.reporters.JUnitReportReporter -->
<testsuite hostname="DESKTOP-38Q9L5G" failures="0" tests="11" name="tests.AdminOrderFlowTest" time="16.236" errors="0" timestamp="2025-08-05T16:11:27 IST" skipped="0">
  <testcase classname="tests.AdminOrderFlowTest" name="addRemarks" time="0.769"/>
  <testcase classname="tests.AdminOrderFlowTest" name="updateUser" time="0.177"/>
  <testcase classname="tests.AdminOrderFlowTest" name="splitOrder" time="0.130"/>
  <testcase classname="tests.AdminOrderFlowTest" name="completeStages" time="3.317"/>
  <testcase classname="tests.AdminOrderFlowTest" name="createOrder" time="2.754"/>
  <testcase classname="tests.AdminOrderFlowTest" name="addAttachments" time="0.755"/>
  <testcase classname="tests.AdminOrderFlowTest" name="downloadcompleteWithDelayReportTest" time="0.144"/>
  <testcase classname="tests.AdminOrderFlowTest" name="downloadcompleteOnTimeReportTest" time="0.816"/>
  <testcase classname="tests.AdminOrderFlowTest" name="addAndAssignUsers" time="2.334"/>
  <testcase classname="tests.AdminOrderFlowTest" name="verifyCompletion" time="2.407"/>
  <testcase classname="tests.AdminOrderFlowTest" name="updateTAT" time="2.633"/>
</testsuite> <!-- tests.AdminOrderFlowTest -->
