<?xml version="1.0" encoding="UTF-8"?>
<!-- Generated by org.testng.reporters.JUnitReportReporter -->
<testsuite hostname="DESKTOP-38Q9L5G" failures="0" tests="14" name="tests.AdminOrderFlowTest" time="55.836" errors="0" timestamp="2025-08-26T11:30:17 IST" skipped="0">
  <testcase classname="tests.AdminOrderFlowTest" name="createOrder" time="2.828"/>
  <testcase classname="tests.AdminOrderFlowTest" name="verifyOrderInUICompleted" time="12.440"/>
  <testcase classname="tests.AdminOrderFlowTest" name="verifyOrderInUI" time="13.054"/>
  <testcase classname="tests.AdminOrderFlowTest" name="addRemarks" time="0.722"/>
  <testcase classname="tests.AdminOrderFlowTest" name="verifyCompletion" time="2.351"/>
  <testcase classname="tests.AdminOrderFlowTest" name="addAttachments" time="0.615"/>
  <testcase classname="tests.AdminOrderFlowTest" name="updateTAT" time="2.571"/>
  <testcase classname="tests.AdminOrderFlowTest" name="downloadcompleteWithDelayReportTest" time="0.180"/>
  <testcase classname="tests.AdminOrderFlowTest" name="addAndAssignUsers" time="2.605"/>
  <testcase classname="tests.AdminOrderFlowTest" name="splitOrder" time="0.129"/>
  <testcase classname="tests.AdminOrderFlowTest" name="verifyStatusCompletedViaUI" time="14.275"/>
  <testcase classname="tests.AdminOrderFlowTest" name="downloadcompleteOnTimeReportTest" time="0.747"/>
  <testcase classname="tests.AdminOrderFlowTest" name="updateUser" time="0.164"/>
  <testcase classname="tests.AdminOrderFlowTest" name="completeStages" time="3.155"/>
</testsuite> <!-- tests.AdminOrderFlowTest -->
