<?xml version="1.0" encoding="UTF-8"?>
<!-- Generated by org.testng.reporters.JUnitReportReporter -->
<testsuite hostname="DESKTOP-38Q9L5G" failures="0" tests="2" name="tests.StageCompletionTest" time="5.065" errors="0" timestamp="2025-08-21T12:46:04 IST" skipped="0">
  <testcase classname="tests.StageCompletionTest" name="verifyCompletion" time="2.938"/>
  <testcase classname="tests.StageCompletionTest" name="completeStages" time="2.127"/>
</testsuite> <!-- tests.StageCompletionTest -->
