<?xml version="1.0" encoding="UTF-8"?>
<!-- Generated by org.testng.reporters.JUnitReportReporter -->
<testsuite hostname="DESKTOP-38Q9L5G" failures="0" tests="2" name="tests.DashboardTest" time="23.477" errors="0" timestamp="2025-07-23T14:22:25 IST" skipped="0">
  <testcase classname="tests.DashboardTest" name="testDashboardCountsAfter" time="10.447"/>
  <testcase classname="tests.DashboardTest" name="testDashboardCountsBefore" time="13.030"/>
</testsuite> <!-- tests.DashboardTest -->
