<?xml version="1.0" encoding="UTF-8"?>
<!-- Generated by org.testng.reporters.JUnitReportReporter -->
<testsuite hostname="DESKTOP-38Q9L5G" failures="0" tests="12" name="tests.InactiveUserRemovedInCompleteOrderTest" time="24.851" errors="0" timestamp="2025-08-22T14:28:10 IST" skipped="0">
  <testcase classname="tests.InactiveUserRemovedInCompleteOrderTest" name="updateTAT" time="1.990"/>
  <testcase classname="tests.InactiveUserRemovedInCompleteOrderTest" name="verifyCompletion" time="3.887"/>
  <testcase classname="tests.InactiveUserRemovedInCompleteOrderTest" name="switchToAssignedUser" time="0.515"/>
  <testcase classname="tests.InactiveUserRemovedInCompleteOrderTest" name="switchToAdmin" time="0.440"/>
  <testcase classname="tests.InactiveUserRemovedInCompleteOrderTest" name="verifyDeactivatedUserStillOnStages" time="0.403"/>
  <testcase classname="tests.InactiveUserRemovedInCompleteOrderTest" name="testVerifyUserStatus" time="0.134"/>
  <testcase classname="tests.InactiveUserRemovedInCompleteOrderTest" name="addAndAssignUsers" time="1.682"/>
  <testcase classname="tests.InactiveUserRemovedInCompleteOrderTest" name="verifyDeactivatedUserIsInInactiveList" time="0.114"/>
  <testcase classname="tests.InactiveUserRemovedInCompleteOrderTest" name="deactivateUser" time="0.170"/>
  <testcase classname="tests.InactiveUserRemovedInCompleteOrderTest" name="createOrder" time="5.289"/>
  <testcase classname="tests.InactiveUserRemovedInCompleteOrderTest" name="splitOrder" time="0.602"/>
  <testcase classname="tests.InactiveUserRemovedInCompleteOrderTest" name="completeStagesWithRemarksAndAttachments" time="9.625"/>
</testsuite> <!-- tests.InactiveUserRemovedInCompleteOrderTest -->
