<?xml version="1.0" encoding="UTF-8"?>
<!-- Generated by org.testng.reporters.JUnitReportReporter -->
<testsuite hostname="DESKTOP-38Q9L5G" failures="0" tests="15" name="tests.ActiveInactiveUserHybridTest" time="48.874" errors="0" timestamp="2025-09-09T11:27:13 IST" skipped="0">
  <testcase classname="tests.ActiveInactiveUserHybridTest" name="verifyOrderInUICompleted" time="12.148"/>
  <testcase classname="tests.ActiveInactiveUserHybridTest" name="switchToAssigneeDeactivated" time="0.384"/>
  <testcase classname="tests.ActiveInactiveUserHybridTest" name="activateUser" time="0.167"/>
  <testcase classname="tests.ActiveInactiveUserHybridTest" name="switchToAdminForActivationUser" time="0.378"/>
  <testcase classname="tests.ActiveInactiveUserHybridTest" name="splitOrder" time="0.181"/>
  <testcase classname="tests.ActiveInactiveUserHybridTest" name="switchToAdmin" time="0.393"/>
  <testcase classname="tests.ActiveInactiveUserHybridTest" name="createOrderAPI" time="2.583"/>
  <testcase classname="tests.ActiveInactiveUserHybridTest" name="verifyOrderInUI" time="13.895"/>
  <testcase classname="tests.ActiveInactiveUserHybridTest" name="completeStagesWithRemarksAndAttachments" time="8.281"/>
  <testcase classname="tests.ActiveInactiveUserHybridTest" name="addAndAssignUsers" time="1.000"/>
  <testcase classname="tests.ActiveInactiveUserHybridTest" name="switchToAssignedUser" time="0.382"/>
  <testcase classname="tests.ActiveInactiveUserHybridTest" name="deactivateUser" time="0.168"/>
  <testcase classname="tests.ActiveInactiveUserHybridTest" name="verifyDeactivatedUserIsInInactiveList" time="0.130"/>
  <testcase classname="tests.ActiveInactiveUserHybridTest" name="updateTAT" time="2.013"/>
  <testcase classname="tests.ActiveInactiveUserHybridTest" name="verifyOrderInactiveUserViaUI" time="6.771"/>
</testsuite> <!-- tests.ActiveInactiveUserHybridTest -->
