<?xml version="1.0" encoding="UTF-8"?>
<!-- Generated by org.testng.reporters.JUnitReportReporter -->
<testsuite hostname="DESKTOP-38Q9L5G" failures="0" tests="1" name="tests.ReportWithExcel" time="17.478" errors="0" timestamp="2025-08-13T10:57:03 IST" skipped="0">
  <testcase classname="tests.ReportWithExcel" name="compareReportUIAndExcelData" time="17.478"/>
</testsuite> <!-- tests.ReportWithExcel -->
