<?xml version="1.0" encoding="UTF-8"?>
<!-- Generated by org.testng.reporters.JUnitReportReporter -->
<testsuite hostname="DESKTOP-38Q9L5G" failures="0" tests="1" name="tests.ReportValidationTest" time="25.965" errors="0" timestamp="2025-07-31T09:59:34 IST" skipped="0">
  <testcase classname="tests.ReportValidationTest" name="compareReportUIAndExcelData" time="25.965"/>
</testsuite> <!-- tests.ReportValidationTest -->
