<?xml version="1.0" encoding="UTF-8"?>
<!-- Generated by org.testng.reporters.JUnitReportReporter -->
<testsuite hostname="DESKTOP-38Q9L5G" failures="0" tests="1" name="tests.ProductFlowTest" time="87.968" errors="0" timestamp="2025-05-28T15:49:35 IST" skipped="0">
  <testcase classname="tests.ProductFlowTest" name="verifyOrderFlowAfterNewOrder" time="87.968"/>
</testsuite> <!-- tests.ProductFlowTest -->
