<?xml version="1.0" encoding="UTF-8"?>
<!-- Generated by org.testng.reporters.JUnitReportReporter -->
<testsuite hostname="DESKTOP-38Q9L5G" failures="0" tests="10" name="tests.AdminSplitOrderFlowTest" time="10.060" errors="0" timestamp="2025-07-30T18:22:44 IST" skipped="0">
  <testcase classname="tests.AdminSplitOrderFlowTest" name="updateTAT" time="0.298"/>
  <testcase classname="tests.AdminSplitOrderFlowTest" name="addRemarks" time="0.852"/>
  <testcase classname="tests.AdminSplitOrderFlowTest" name="splitOrder" time="0.720"/>
  <testcase classname="tests.AdminSplitOrderFlowTest" name="addAndAssignUsers" time="2.208"/>
  <testcase classname="tests.AdminSplitOrderFlowTest" name="completeStages" time="1.643"/>
  <testcase classname="tests.AdminSplitOrderFlowTest" name="downloadcompleteWithDelayReportTest" time="0.138"/>
  <testcase classname="tests.AdminSplitOrderFlowTest" name="addAttachments" time="0.747"/>
  <testcase classname="tests.AdminSplitOrderFlowTest" name="createOrder" time="0.614"/>
  <testcase classname="tests.AdminSplitOrderFlowTest" name="downloadcompleteOnTimeReportTest" time="0.417"/>
  <testcase classname="tests.AdminSplitOrderFlowTest" name="verifyCompletion" time="2.423"/>
</testsuite> <!-- tests.AdminSplitOrderFlowTest -->
