<?xml version="1.0" encoding="UTF-8"?>
<!-- Generated by org.testng.reporters.JUnitReportReporter -->
<testsuite hostname="DESKTOP-38Q9L5G" failures="0" tests="8" name="tests.WorkflowMixStagesAPITest" time="24.534" errors="0" timestamp="2025-08-13T10:57:03 IST" skipped="0">
  <testcase classname="tests.WorkflowMixStagesAPITest" name="addAttachments" time="1.206"/>
  <testcase classname="tests.WorkflowMixStagesAPITest" name="verifyCompletion" time="3.412"/>
  <testcase classname="tests.WorkflowMixStagesAPITest" name="splitOrder" time="0.130"/>
  <testcase classname="tests.WorkflowMixStagesAPITest" name="createOrder" time="4.449"/>
  <testcase classname="tests.WorkflowMixStagesAPITest" name="addRemarks" time="1.232"/>
  <testcase classname="tests.WorkflowMixStagesAPITest" name="addAndAssignUsers" time="2.151"/>
  <testcase classname="tests.WorkflowMixStagesAPITest" name="completeStages" time="4.458"/>
  <testcase classname="tests.WorkflowMixStagesAPITest" name="updateTAT" time="7.496"/>
</testsuite> <!-- tests.WorkflowMixStagesAPITest -->
