<?xml version="1.0" encoding="UTF-8"?>
<!-- Generated by org.testng.reporters.JUnitReportReporter -->
<testsuite hostname="DESKTOP-38Q9L5G" failures="0" tests="2" name="tests.CreateOrderTest" time="142.855" errors="0" timestamp="2025-07-30T18:00:30 IST" skipped="0">
  <testcase classname="tests.CreateOrderTest" name="testFillNewOrderAndCancelviaAdmin" time="94.883"/>
  <testcase classname="tests.CreateOrderTest" name="assigneeFlow" time="47.972"/>
</testsuite> <!-- tests.CreateOrderTest -->
