<?xml version="1.0" encoding="UTF-8"?>
<!-- Generated by org.testng.reporters.JUnitReportReporter -->
<testsuite hostname="DESKTOP-38Q9L5G" failures="0" tests="2" name="tests.DashboardTest" time="32.661" errors="0" timestamp="2025-08-05T09:56:44 IST" skipped="0">
  <testcase classname="tests.DashboardTest" name="testDashboardCountsBefore" time="15.111"/>
  <testcase classname="tests.DashboardTest" name="testDashboardCountsAfter" time="17.550"/>
</testsuite> <!-- tests.DashboardTest -->
