<?xml version="1.0" encoding="UTF-8"?>
<!-- Generated by org.testng.reporters.JUnitReportReporter -->
<testsuite hostname="DESKTOP-38Q9L5G" failures="0" tests="9" name="tests.AdminAssigneeOrderFlowTest" time="19.711" errors="0" timestamp="2025-07-31T15:50:57 IST" skipped="0">
  <testcase classname="tests.AdminAssigneeOrderFlowTest" name="termAndConditionAssignedUser" time="0.203"/>
  <testcase classname="tests.AdminAssigneeOrderFlowTest" name="completeStagesWithRemarksAndAttachments" time="9.896"/>
  <testcase classname="tests.AdminAssigneeOrderFlowTest" name="switchToAssignedUser" time="0.510"/>
  <testcase classname="tests.AdminAssigneeOrderFlowTest" name="updateTAT" time="2.329"/>
  <testcase classname="tests.AdminAssigneeOrderFlowTest" name="addAttachments" time="0.859"/>
  <testcase classname="tests.AdminAssigneeOrderFlowTest" name="addAndAssignUsers" time="2.405"/>
  <testcase classname="tests.AdminAssigneeOrderFlowTest" name="createOrder" time="2.560"/>
  <testcase classname="tests.AdminAssigneeOrderFlowTest" name="splitOrder" time="0.126"/>
  <testcase classname="tests.AdminAssigneeOrderFlowTest" name="addRemarks" time="0.823"/>
</testsuite> <!-- tests.AdminAssigneeOrderFlowTest -->
