<?xml version="1.0" encoding="UTF-8"?>
<!-- Generated by org.testng.reporters.JUnitReportReporter -->
<testsuite hostname="DESKTOP-38Q9L5G" failures="0" tests="1" name="tests.CreateNewOrderTest" time="17.293" errors="0" timestamp="2025-06-19T16:43:59 IST" skipped="0">
  <testcase classname="tests.CreateNewOrderTest" name="createOrderWithSessionAndVerifyInQueue" time="17.293"/>
</testsuite> <!-- tests.CreateNewOrderTest -->
