<?xml version="1.0" encoding="UTF-8"?>
<!-- Generated by org.testng.reporters.JUnitReportReporter -->
<testsuite hostname="DESKTOP-38Q9L5G" failures="0" tests="13" name="tests.AdminOrderFlowTest" time="41.704" errors="0" timestamp="2025-08-25T17:39:16 IST" skipped="0">
  <testcase classname="tests.AdminOrderFlowTest" name="splitOrder" time="0.123"/>
  <testcase classname="tests.AdminOrderFlowTest" name="updateUser" time="0.161"/>
  <testcase classname="tests.AdminOrderFlowTest" name="verifyCompletion" time="2.275"/>
  <testcase classname="tests.AdminOrderFlowTest" name="downloadcompleteOnTimeReportTest" time="0.515"/>
  <testcase classname="tests.AdminOrderFlowTest" name="addRemarks" time="0.780"/>
  <testcase classname="tests.AdminOrderFlowTest" name="verifyOrderInUICompleted" time="12.263"/>
  <testcase classname="tests.AdminOrderFlowTest" name="createOrder" time="2.876"/>
  <testcase classname="tests.AdminOrderFlowTest" name="verifyOrderInUI" time="12.409"/>
  <testcase classname="tests.AdminOrderFlowTest" name="downloadcompleteWithDelayReportTest" time="0.125"/>
  <testcase classname="tests.AdminOrderFlowTest" name="updateTAT" time="2.805"/>
  <testcase classname="tests.AdminOrderFlowTest" name="addAttachments" time="0.677"/>
  <testcase classname="tests.AdminOrderFlowTest" name="addAndAssignUsers" time="2.848"/>
  <testcase classname="tests.AdminOrderFlowTest" name="completeStages" time="3.847"/>
</testsuite> <!-- tests.AdminOrderFlowTest -->
