<?xml version="1.0" encoding="UTF-8"?>
<!-- Generated by org.testng.reporters.JUnitReportReporter -->
<testsuite hostname="DESKTOP-38Q9L5G" failures="0" tests="2" name="tests.StageCompletionTest" time="4.227" errors="0" timestamp="2025-07-02T12:27:34 IST" skipped="0">
  <testcase classname="tests.StageCompletionTest" name="verifyCompletion" time="2.607"/>
  <testcase classname="tests.StageCompletionTest" name="completeStages" time="1.620"/>
</testsuite> <!-- tests.StageCompletionTest -->
