<?xml version="1.0" encoding="UTF-8"?>
<!-- Generated by org.testng.reporters.JUnitReportReporter -->
<testsuite hostname="DESKTOP-38Q9L5G" failures="0" tests="6" name="tests.AdminOrderRejectFlowTest" time="11.609" errors="0" timestamp="2025-08-05T16:11:27 IST" skipped="0">
  <testcase classname="tests.AdminOrderRejectFlowTest" name="updateTAT" time="2.256"/>
  <testcase classname="tests.AdminOrderRejectFlowTest" name="createOrder" time="2.566"/>
  <testcase classname="tests.AdminOrderRejectFlowTest" name="completeStages" time="2.345"/>
  <testcase classname="tests.AdminOrderRejectFlowTest" name="splitOrder" time="0.113"/>
  <testcase classname="tests.AdminOrderRejectFlowTest" name="verifyRejectOrder" time="2.182"/>
  <testcase classname="tests.AdminOrderRejectFlowTest" name="addAndAssignUsers" time="2.147"/>
</testsuite> <!-- tests.AdminOrderRejectFlowTest -->
