<?xml version="1.0" encoding="UTF-8"?>
<!-- Generated by org.testng.reporters.JUnitReportReporter -->
<testsuite hostname="DESKTOP-38Q9L5G" failures="0" tests="2" name="tests.AssigneeLogin" time="0.589" errors="0" timestamp="2025-07-29T15:24:58 IST" skipped="0">
  <testcase classname="tests.AssigneeLogin" name="loginAssignee" time="0.430"/>
  <testcase classname="tests.AssigneeLogin" name="acceptTerms" time="0.159"/>
</testsuite> <!-- tests.AssigneeLogin -->
