<?xml version="1.0" encoding="UTF-8"?>
<!-- Generated by org.testng.reporters.JUnitReportReporter -->
<testsuite hostname="DESKTOP-38Q9L5G" failures="0" tests="10" name="tests.AdminSplitOrderFlowTest" time="11.318" errors="0" timestamp="2025-07-29T11:33:27 IST" skipped="0">
  <testcase classname="tests.AdminSplitOrderFlowTest" name="addAndAssignUsers" time="2.316"/>
  <testcase classname="tests.AdminSplitOrderFlowTest" name="addAttachments" time="0.819"/>
  <testcase classname="tests.AdminSplitOrderFlowTest" name="downloadcompleteOnTimeReportTest" time="0.449"/>
  <testcase classname="tests.AdminSplitOrderFlowTest" name="downloadcompleteWithDelayReportTest" time="0.380"/>
  <testcase classname="tests.AdminSplitOrderFlowTest" name="addRemarks" time="0.969"/>
  <testcase classname="tests.AdminSplitOrderFlowTest" name="verifyCompletion" time="2.526"/>
  <testcase classname="tests.AdminSplitOrderFlowTest" name="createOrder" time="0.973"/>
  <testcase classname="tests.AdminSplitOrderFlowTest" name="splitOrder" time="1.233"/>
  <testcase classname="tests.AdminSplitOrderFlowTest" name="updateTAT" time="0.289"/>
  <testcase classname="tests.AdminSplitOrderFlowTest" name="completeStages" time="1.364"/>
</testsuite> <!-- tests.AdminSplitOrderFlowTest -->
