<?xml version="1.0" encoding="UTF-8"?>
<!-- Generated by org.testng.reporters.JUnitReportReporter -->
<testsuite hostname="DESKTOP-38Q9L5G" failures="0" tests="1" name="tests.AddUserTest" time="28.049" errors="0" timestamp="2025-07-29T13:03:35 IST" skipped="0">
  <testcase classname="tests.AddUserTest" name="testfillAddUser" time="28.049"/>
</testsuite> <!-- tests.AddUserTest -->
