<?xml version="1.0" encoding="UTF-8"?>
<!-- Generated by org.testng.reporters.JUnitReportReporter -->
<testsuite hostname="DESKTOP-38Q9L5G" failures="0" tests="14" name="tests.AdminOrderFlowTest" time="58.492" errors="0" timestamp="2025-08-26T14:59:40 IST" skipped="0">
  <testcase classname="tests.AdminOrderFlowTest" name="verifyOrderInUI" time="12.905"/>
  <testcase classname="tests.AdminOrderFlowTest" name="addRemarks" time="0.782"/>
  <testcase classname="tests.AdminOrderFlowTest" name="updateTAT" time="2.927"/>
  <testcase classname="tests.AdminOrderFlowTest" name="verifyCompletion" time="2.371"/>
  <testcase classname="tests.AdminOrderFlowTest" name="splitOrder" time="0.147"/>
  <testcase classname="tests.AdminOrderFlowTest" name="verifyStatusCompletedViaUI" time="14.441"/>
  <testcase classname="tests.AdminOrderFlowTest" name="downloadcompleteWithDelayReportTest" time="0.166"/>
  <testcase classname="tests.AdminOrderFlowTest" name="verifyOrderInUICompleted" time="12.563"/>
  <testcase classname="tests.AdminOrderFlowTest" name="completeStages" time="4.081"/>
  <testcase classname="tests.AdminOrderFlowTest" name="updateUser" time="0.159"/>
  <testcase classname="tests.AdminOrderFlowTest" name="createOrder" time="2.975"/>
  <testcase classname="tests.AdminOrderFlowTest" name="addAndAssignUsers" time="3.804"/>
  <testcase classname="tests.AdminOrderFlowTest" name="addAttachments" time="0.741"/>
  <testcase classname="tests.AdminOrderFlowTest" name="downloadcompleteOnTimeReportTest" time="0.430"/>
</testsuite> <!-- tests.AdminOrderFlowTest -->
