<?xml version="1.0" encoding="UTF-8"?>
<!-- Generated by org.testng.reporters.JUnitReportReporter -->
<testsuite hostname="DESKTOP-38Q9L5G" failures="0" tests="11" name="tests.AdminOrderFlowTest" time="18.869" errors="0" timestamp="2025-07-30T18:22:44 IST" skipped="0">
  <testcase classname="tests.AdminOrderFlowTest" name="downloadcompleteWithDelayReportTest" time="0.229"/>
  <testcase classname="tests.AdminOrderFlowTest" name="splitOrder" time="0.196"/>
  <testcase classname="tests.AdminOrderFlowTest" name="addAndAssignUsers" time="3.565"/>
  <testcase classname="tests.AdminOrderFlowTest" name="addAttachments" time="0.819"/>
  <testcase classname="tests.AdminOrderFlowTest" name="verifyCompletion" time="2.565"/>
  <testcase classname="tests.AdminOrderFlowTest" name="completeStages" time="3.294"/>
  <testcase classname="tests.AdminOrderFlowTest" name="createOrder" time="3.550"/>
  <testcase classname="tests.AdminOrderFlowTest" name="updateUser" time="0.208"/>
  <testcase classname="tests.AdminOrderFlowTest" name="downloadcompleteOnTimeReportTest" time="0.559"/>
  <testcase classname="tests.AdminOrderFlowTest" name="updateTAT" time="2.868"/>
  <testcase classname="tests.AdminOrderFlowTest" name="addRemarks" time="1.016"/>
</testsuite> <!-- tests.AdminOrderFlowTest -->
