<?xml version="1.0" encoding="UTF-8"?>
<!-- Generated by org.testng.reporters.JUnitReportReporter -->
<testsuite hostname="DESKTOP-38Q9L5G" failures="0" tests="8" name="tests.WorkflowMixStagesAPITest" time="28.796" errors="0" timestamp="2025-08-18T11:51:31 IST" skipped="0">
  <testcase classname="tests.WorkflowMixStagesAPITest" name="addAttachments" time="1.493"/>
  <testcase classname="tests.WorkflowMixStagesAPITest" name="addRemarks" time="1.848"/>
  <testcase classname="tests.WorkflowMixStagesAPITest" name="createOrder" time="6.469"/>
  <testcase classname="tests.WorkflowMixStagesAPITest" name="splitOrder" time="0.116"/>
  <testcase classname="tests.WorkflowMixStagesAPITest" name="addAndAssignUsers" time="2.086"/>
  <testcase classname="tests.WorkflowMixStagesAPITest" name="verifyCompletion" time="4.666"/>
  <testcase classname="tests.WorkflowMixStagesAPITest" name="completeStages" time="4.423"/>
  <testcase classname="tests.WorkflowMixStagesAPITest" name="updateTAT" time="7.695"/>
</testsuite> <!-- tests.WorkflowMixStagesAPITest -->
