<?xml version="1.0" encoding="UTF-8"?>
<!-- Generated by org.testng.reporters.JUnitReportReporter -->
<testsuite hostname="DESKTOP-38Q9L5G" failures="0" tests="9" name="tests.AdminAssigneeOrderFlowTest" time="18.903" errors="0" timestamp="2025-08-26T11:30:17 IST" skipped="0">
  <testcase classname="tests.AdminAssigneeOrderFlowTest" name="addAndAssignUsers" time="2.217"/>
  <testcase classname="tests.AdminAssigneeOrderFlowTest" name="completeStagesWithRemarksAndAttachments" time="10.019"/>
  <testcase classname="tests.AdminAssigneeOrderFlowTest" name="switchToAssignedUser" time="0.398"/>
  <testcase classname="tests.AdminAssigneeOrderFlowTest" name="createOrder" time="2.503"/>
  <testcase classname="tests.AdminAssigneeOrderFlowTest" name="updateTAT" time="2.263"/>
  <testcase classname="tests.AdminAssigneeOrderFlowTest" name="termAndConditionAssignedUser" time="0.135"/>
  <testcase classname="tests.AdminAssigneeOrderFlowTest" name="addAttachments" time="0.640"/>
  <testcase classname="tests.AdminAssigneeOrderFlowTest" name="splitOrder" time="0.110"/>
  <testcase classname="tests.AdminAssigneeOrderFlowTest" name="addRemarks" time="0.618"/>
</testsuite> <!-- tests.AdminAssigneeOrderFlowTest -->
