<?xml version="1.0" encoding="UTF-8"?>
<!-- Generated by org.testng.reporters.JUnitReportReporter -->
<testsuite hostname="DESKTOP-38Q9L5G" failures="0" tests="6" name="tests.AdminOrderRejectFlowTest" time="19.191" errors="0" timestamp="2025-08-05T09:59:11 IST" skipped="0">
  <testcase classname="tests.AdminOrderRejectFlowTest" name="splitOrder" time="0.172"/>
  <testcase classname="tests.AdminOrderRejectFlowTest" name="verifyRejectOrder" time="2.203"/>
  <testcase classname="tests.AdminOrderRejectFlowTest" name="completeStages" time="2.574"/>
  <testcase classname="tests.AdminOrderRejectFlowTest" name="updateTAT" time="5.795"/>
  <testcase classname="tests.AdminOrderRejectFlowTest" name="addAndAssignUsers" time="4.449"/>
  <testcase classname="tests.AdminOrderRejectFlowTest" name="createOrder" time="3.998"/>
</testsuite> <!-- tests.AdminOrderRejectFlowTest -->
