<?xml version="1.0" encoding="UTF-8"?>
<!-- Generated by org.testng.reporters.JUnitReportReporter -->
<testsuite hostname="DESKTOP-38Q9L5G" failures="0" tests="2" name="tests.DashboardTest" time="23.361" errors="0" timestamp="2025-08-05T16:11:27 IST" skipped="0">
  <testcase classname="tests.DashboardTest" name="testDashboardCountsBefore" time="11.925"/>
  <testcase classname="tests.DashboardTest" name="testDashboardCountsAfter" time="11.436"/>
</testsuite> <!-- tests.DashboardTest -->
