<?xml version="1.0" encoding="UTF-8"?>
<!-- Generated by org.testng.reporters.JUnitReportReporter -->
<testsuite hostname="DESKTOP-38Q9L5G" failures="0" tests="1" name="tests.ReportWithExcel" time="13.734" errors="0" timestamp="2025-09-09T11:27:13 IST" skipped="0">
  <testcase classname="tests.ReportWithExcel" name="compareReportUIAndExcelData" time="13.734"/>
</testsuite> <!-- tests.ReportWithExcel -->
