<?xml version="1.0" encoding="UTF-8"?>
<!-- Generated by org.testng.reporters.JUnitReportReporter -->
<testsuite hostname="DESKTOP-38Q9L5G" failures="0" tests="8" name="tests.WorkflowMixStagesAPITest" time="25.060" errors="0" timestamp="2025-08-25T17:11:03 IST" skipped="0">
  <testcase classname="tests.WorkflowMixStagesAPITest" name="updateTAT" time="8.456"/>
  <testcase classname="tests.WorkflowMixStagesAPITest" name="createOrder" time="4.344"/>
  <testcase classname="tests.WorkflowMixStagesAPITest" name="splitOrder" time="0.102"/>
  <testcase classname="tests.WorkflowMixStagesAPITest" name="completeStages" time="4.881"/>
  <testcase classname="tests.WorkflowMixStagesAPITest" name="addAndAssignUsers" time="1.668"/>
  <testcase classname="tests.WorkflowMixStagesAPITest" name="addRemarks" time="1.560"/>
  <testcase classname="tests.WorkflowMixStagesAPITest" name="verifyCompletion" time="2.934"/>
  <testcase classname="tests.WorkflowMixStagesAPITest" name="addAttachments" time="1.115"/>
</testsuite> <!-- tests.WorkflowMixStagesAPITest -->
