<?xml version="1.0" encoding="UTF-8"?>
<!-- Generated by org.testng.reporters.JUnitReportReporter -->
<testsuite hostname="DESKTOP-38Q9L5G" failures="0" tests="2" name="tests.DashboardTest" time="13.880" errors="0" timestamp="2025-08-26T11:30:17 IST" skipped="0">
  <testcase classname="tests.DashboardTest" name="testDashboardCountsAfter" time="6.898"/>
  <testcase classname="tests.DashboardTest" name="testDashboardCountsBefore" time="6.982"/>
</testsuite> <!-- tests.DashboardTest -->
