<?xml version="1.0" encoding="UTF-8"?>
<!-- Generated by org.testng.reporters.JUnitReportReporter -->
<testsuite hostname="DESKTOP-38Q9L5G" failures="0" tests="9" name="tests.AdminAssigneeOrderFlowTest" time="19.291" errors="0" timestamp="2025-08-05T16:11:27 IST" skipped="0">
  <testcase classname="tests.AdminAssigneeOrderFlowTest" name="addAndAssignUsers" time="2.493"/>
  <testcase classname="tests.AdminAssigneeOrderFlowTest" name="switchToAssignedUser" time="0.423"/>
  <testcase classname="tests.AdminAssigneeOrderFlowTest" name="updateTAT" time="2.262"/>
  <testcase classname="tests.AdminAssigneeOrderFlowTest" name="addRemarks" time="0.736"/>
  <testcase classname="tests.AdminAssigneeOrderFlowTest" name="splitOrder" time="0.113"/>
  <testcase classname="tests.AdminAssigneeOrderFlowTest" name="completeStagesWithRemarksAndAttachments" time="9.899"/>
  <testcase classname="tests.AdminAssigneeOrderFlowTest" name="createOrder" time="2.533"/>
  <testcase classname="tests.AdminAssigneeOrderFlowTest" name="addAttachments" time="0.694"/>
  <testcase classname="tests.AdminAssigneeOrderFlowTest" name="termAndConditionAssignedUser" time="0.138"/>
</testsuite> <!-- tests.AdminAssigneeOrderFlowTest -->
