<?xml version="1.0" encoding="UTF-8"?>
<!-- Generated by org.testng.reporters.JUnitReportReporter -->
<testsuite hostname="DESKTOP-38Q9L5G" failures="0" tests="1" name="tests.UserUpdateTest" time="0.183" errors="0" timestamp="2025-08-21T12:46:04 IST" skipped="0">
  <testcase classname="tests.UserUpdateTest" name="updateUser" time="0.183"/>
</testsuite> <!-- tests.UserUpdateTest -->
