<?xml version="1.0" encoding="UTF-8"?>
<!-- Generated by org.testng.reporters.JUnitReportReporter -->
<testsuite hostname="DESKTOP-38Q9L5G" failures="0" tests="2" name="tests.DashboardTest" time="14.178" errors="0" timestamp="2025-08-25T16:48:03 IST" skipped="0">
  <testcase classname="tests.DashboardTest" name="testDashboardCountsAfter" time="6.598"/>
  <testcase classname="tests.DashboardTest" name="testDashboardCountsBefore" time="7.580"/>
</testsuite> <!-- tests.DashboardTest -->
