<?xml version="1.0" encoding="UTF-8"?>
<!-- Generated by org.testng.reporters.JUnitReportReporter -->
<testsuite hostname="DESKTOP-38Q9L5G" failures="0" tests="6" name="tests.AdminOrderRejectFlowTest" time="12.229" errors="0" timestamp="2025-07-31T15:50:57 IST" skipped="0">
  <testcase classname="tests.AdminOrderRejectFlowTest" name="addAndAssignUsers" time="2.278"/>
  <testcase classname="tests.AdminOrderRejectFlowTest" name="createOrder" time="2.775"/>
  <testcase classname="tests.AdminOrderRejectFlowTest" name="verifyRejectOrder" time="2.311"/>
  <testcase classname="tests.AdminOrderRejectFlowTest" name="updateTAT" time="2.312"/>
  <testcase classname="tests.AdminOrderRejectFlowTest" name="completeStages" time="2.417"/>
  <testcase classname="tests.AdminOrderRejectFlowTest" name="splitOrder" time="0.136"/>
</testsuite> <!-- tests.AdminOrderRejectFlowTest -->
