<?xml version="1.0" encoding="UTF-8"?>
<!-- Generated by org.testng.reporters.JUnitReportReporter -->
<testsuite hostname="DESKTOP-38Q9L5G" failures="0" tests="15" name="tests.ActiveInactiveUserHybridTest" time="50.254" errors="0" timestamp="2025-08-26T15:11:30 IST" skipped="0">
  <testcase classname="tests.ActiveInactiveUserHybridTest" name="verifyOrderInUI" time="13.360"/>
  <testcase classname="tests.ActiveInactiveUserHybridTest" name="deactivateUser" time="0.188"/>
  <testcase classname="tests.ActiveInactiveUserHybridTest" name="verifyDeactivatedUserIsInInactiveList" time="0.128"/>
  <testcase classname="tests.ActiveInactiveUserHybridTest" name="switchToAssigneeDeactivated" time="0.407"/>
  <testcase classname="tests.ActiveInactiveUserHybridTest" name="switchToAssignedUser" time="0.445"/>
  <testcase classname="tests.ActiveInactiveUserHybridTest" name="completeStagesWithRemarksAndAttachments" time="8.890"/>
  <testcase classname="tests.ActiveInactiveUserHybridTest" name="activateUser" time="0.151"/>
  <testcase classname="tests.ActiveInactiveUserHybridTest" name="splitOrder" time="0.410"/>
  <testcase classname="tests.ActiveInactiveUserHybridTest" name="verifyOrderInUICompleted" time="12.055"/>
  <testcase classname="tests.ActiveInactiveUserHybridTest" name="verifyOrderInactiveUserViaUI" time="6.163"/>
  <testcase classname="tests.ActiveInactiveUserHybridTest" name="switchToAdminForActivationUser" time="0.730"/>
  <testcase classname="tests.ActiveInactiveUserHybridTest" name="addAndAssignUsers" time="2.042"/>
  <testcase classname="tests.ActiveInactiveUserHybridTest" name="switchToAdmin" time="0.443"/>
  <testcase classname="tests.ActiveInactiveUserHybridTest" name="createOrderAPI" time="1.184"/>
  <testcase classname="tests.ActiveInactiveUserHybridTest" name="updateTAT" time="3.658"/>
</testsuite> <!-- tests.ActiveInactiveUserHybridTest -->
