<?xml version="1.0" encoding="UTF-8"?>
<!-- Generated by org.testng.reporters.JUnitReportReporter -->
<testsuite hostname="DESKTOP-38Q9L5G" failures="0" tests="1" name="tests.CreateNewOrder" time="2.668" errors="0" timestamp="2025-06-17T15:14:40 IST" skipped="0">
  <testcase classname="tests.CreateNewOrder" name="createOrderWithSession" time="2.668"/>
</testsuite> <!-- tests.CreateNewOrder -->
