<?xml version="1.0" encoding="UTF-8"?>
<!-- Generated by org.testng.reporters.JUnitReportReporter -->
<testsuite hostname="DESKTOP-38Q9L5G" failures="0" tests="6" name="tests.AdminOrderRejectFlowTest" time="11.793" errors="0" timestamp="2025-08-13T10:57:03 IST" skipped="0">
  <testcase classname="tests.AdminOrderRejectFlowTest" name="splitOrder" time="0.117"/>
  <testcase classname="tests.AdminOrderRejectFlowTest" name="completeStages" time="2.359"/>
  <testcase classname="tests.AdminOrderRejectFlowTest" name="createOrder" time="2.450"/>
  <testcase classname="tests.AdminOrderRejectFlowTest" name="verifyRejectOrder" time="2.152"/>
  <testcase classname="tests.AdminOrderRejectFlowTest" name="updateTAT" time="2.290"/>
  <testcase classname="tests.AdminOrderRejectFlowTest" name="addAndAssignUsers" time="2.425"/>
</testsuite> <!-- tests.AdminOrderRejectFlowTest -->
