<?xml version="1.0" encoding="UTF-8"?>
<!-- Generated by org.testng.reporters.JUnitReportReporter -->
<testsuite hostname="DESKTOP-38Q9L5G" failures="0" tests="11" name="tests.ActiveInactiveUserTest" time="14.796" errors="0" timestamp="2025-08-21T17:23:22 IST" skipped="0">
  <testcase classname="tests.ActiveInactiveUserTest" name="createOrder" time="4.628"/>
  <testcase classname="tests.ActiveInactiveUserTest" name="switchToAdmin" time="0.523"/>
  <testcase classname="tests.ActiveInactiveUserTest" name="addAndAssignUsers" time="1.593"/>
  <testcase classname="tests.ActiveInactiveUserTest" name="switchToAssignedUser" time="0.523"/>
  <testcase classname="tests.ActiveInactiveUserTest" name="completeStagesWithRemarksAndAttachments" time="3.739"/>
  <testcase classname="tests.ActiveInactiveUserTest" name="switchToAdminForActivationUser" time="0.462"/>
  <testcase classname="tests.ActiveInactiveUserTest" name="splitOrder" time="0.403"/>
  <testcase classname="tests.ActiveInactiveUserTest" name="activateUser" time="0.189"/>
  <testcase classname="tests.ActiveInactiveUserTest" name="updateTAT" time="2.042"/>
  <testcase classname="tests.ActiveInactiveUserTest" name="switchToAssigneeDeactivated" time="0.470"/>
  <testcase classname="tests.ActiveInactiveUserTest" name="deactivateUser" time="0.224"/>
</testsuite> <!-- tests.ActiveInactiveUserTest -->
