<?xml version="1.0" encoding="UTF-8"?>
<!-- Generated by org.testng.reporters.JUnitReportReporter -->
<testsuite hostname="DESKTOP-38Q9L5G" failures="0" tests="10" name="tests.AdminSplitOrderFlowTest" time="16.209" errors="0" timestamp="2025-07-24T09:40:44 IST" skipped="0">
  <testcase classname="tests.AdminSplitOrderFlowTest" name="updateTAT" time="1.011"/>
  <testcase classname="tests.AdminSplitOrderFlowTest" name="addAttachments" time="0.924"/>
  <testcase classname="tests.AdminSplitOrderFlowTest" name="downloadcompleteOnTimeReportTest" time="0.493"/>
  <testcase classname="tests.AdminSplitOrderFlowTest" name="splitOrder" time="0.901"/>
  <testcase classname="tests.AdminSplitOrderFlowTest" name="createOrder" time="1.923"/>
  <testcase classname="tests.AdminSplitOrderFlowTest" name="addRemarks" time="1.250"/>
  <testcase classname="tests.AdminSplitOrderFlowTest" name="addAndAssignUsers" time="4.951"/>
  <testcase classname="tests.AdminSplitOrderFlowTest" name="downloadcompleteWithDelayReportTest" time="0.476"/>
  <testcase classname="tests.AdminSplitOrderFlowTest" name="completeStages" time="1.690"/>
  <testcase classname="tests.AdminSplitOrderFlowTest" name="verifyCompletion" time="2.590"/>
</testsuite> <!-- tests.AdminSplitOrderFlowTest -->
