<?xml version="1.0" encoding="UTF-8"?>
<!-- Generated by org.testng.reporters.JUnitReportReporter -->
<testsuite hostname="DESKTOP-38Q9L5G" failures="0" tests="8" name="tests.WorkflowOpenAPITest" time="19.377" errors="0" timestamp="2025-08-13T14:43:25 IST" skipped="0">
  <testcase classname="tests.WorkflowOpenAPITest" name="completeStages" time="2.942"/>
  <testcase classname="tests.WorkflowOpenAPITest" name="createOrder" time="4.213"/>
  <testcase classname="tests.WorkflowOpenAPITest" name="verifyCompletion" time="3.357"/>
  <testcase classname="tests.WorkflowOpenAPITest" name="addAndAssignUsers" time="1.163"/>
  <testcase classname="tests.WorkflowOpenAPITest" name="updateTAT" time="6.509"/>
  <testcase classname="tests.WorkflowOpenAPITest" name="addRemarks" time="0.510"/>
  <testcase classname="tests.WorkflowOpenAPITest" name="splitOrder" time="0.200"/>
  <testcase classname="tests.WorkflowOpenAPITest" name="addAttachments" time="0.483"/>
</testsuite> <!-- tests.WorkflowOpenAPITest -->
