<?xml version="1.0" encoding="UTF-8"?>
<!-- Generated by org.testng.reporters.JUnitReportReporter -->
<testsuite hostname="DESKTOP-38Q9L5G" failures="0" tests="1" name="tests.WorkflowCloseStagesTest" time="100.266" errors="0" timestamp="2025-08-13T14:43:25 IST" skipped="0">
  <testcase classname="tests.WorkflowCloseStagesTest" name="workflowCloseForAllStages" time="100.266"/>
</testsuite> <!-- tests.WorkflowCloseStagesTest -->
