<?xml version="1.0" encoding="UTF-8"?>
<!-- Generated by org.testng.reporters.JUnitReportReporter -->
<testsuite hostname="DESKTOP-38Q9L5G" failures="0" tests="1" name="pages.CreateOrderWithLogin" time="5.835" errors="0" timestamp="2025-06-19T10:45:00 IST" skipped="0">
  <testcase classname="pages.CreateOrderWithLogin" name="loginAndCreateOrder" time="5.835"/>
</testsuite> <!-- pages.CreateOrderWithLogin -->
