<?xml version="1.0" encoding="UTF-8"?>
<!-- Generated by org.testng.reporters.JUnitReportReporter -->
<testsuite hostname="DESKTOP-38Q9L5G" failures="0" tests="9" name="tests.AdminAssigneeOrderFlowTest" time="24.713" errors="0" timestamp="2025-07-24T09:40:44 IST" skipped="0">
  <testcase classname="tests.AdminAssigneeOrderFlowTest" name="createOrder" time="3.895"/>
  <testcase classname="tests.AdminAssigneeOrderFlowTest" name="switchToAssignedUser" time="0.503"/>
  <testcase classname="tests.AdminAssigneeOrderFlowTest" name="addRemarks" time="0.848"/>
  <testcase classname="tests.AdminAssigneeOrderFlowTest" name="updateTAT" time="3.279"/>
  <testcase classname="tests.AdminAssigneeOrderFlowTest" name="completeStagesWithRemarksAndAttachments" time="10.791"/>
  <testcase classname="tests.AdminAssigneeOrderFlowTest" name="splitOrder" time="0.165"/>
  <testcase classname="tests.AdminAssigneeOrderFlowTest" name="addAttachments" time="1.142"/>
  <testcase classname="tests.AdminAssigneeOrderFlowTest" name="termAndConditionAssignedUser" time="0.192"/>
  <testcase classname="tests.AdminAssigneeOrderFlowTest" name="addAndAssignUsers" time="3.898"/>
</testsuite> <!-- tests.AdminAssigneeOrderFlowTest -->
