<?xml version="1.0" encoding="UTF-8"?>
<!-- Generated by org.testng.reporters.JUnitReportReporter -->
<testsuite hostname="DESKTOP-38Q9L5G" failures="0" tests="1" name="tests.StageUpdateTest" time="0.598" errors="0" timestamp="2025-07-02T12:27:34 IST" skipped="0">
  <testcase classname="tests.StageUpdateTest" name="updateTAT" time="0.598"/>
</testsuite> <!-- tests.StageUpdateTest -->
