<?xml version="1.0" encoding="UTF-8"?>
<!-- Generated by org.testng.reporters.JUnitReportReporter -->
<testsuite hostname="DESKTOP-38Q9L5G" failures="0" tests="1" name="tests.LoginTest" time="8.735" errors="0" timestamp="2025-06-09T17:13:29 IST" skipped="0">
  <testcase classname="tests.LoginTest" name="validLoginTest" time="8.735"/>
</testsuite> <!-- tests.LoginTest -->
