<?xml version="1.0" encoding="UTF-8"?>
<!-- Generated by org.testng.reporters.JUnitReportReporter -->
<testsuite hostname="DESKTOP-38Q9L5G" failures="0" tests="11" name="tests.AdminOrderFlowTest" time="17.096" errors="0" timestamp="2025-08-13T10:57:03 IST" skipped="0">
  <testcase classname="tests.AdminOrderFlowTest" name="updateUser" time="0.187"/>
  <testcase classname="tests.AdminOrderFlowTest" name="addAttachments" time="0.734"/>
  <testcase classname="tests.AdminOrderFlowTest" name="completeStages" time="3.299"/>
  <testcase classname="tests.AdminOrderFlowTest" name="addAndAssignUsers" time="2.763"/>
  <testcase classname="tests.AdminOrderFlowTest" name="createOrder" time="2.903"/>
  <testcase classname="tests.AdminOrderFlowTest" name="splitOrder" time="0.150"/>
  <testcase classname="tests.AdminOrderFlowTest" name="updateTAT" time="2.905"/>
  <testcase classname="tests.AdminOrderFlowTest" name="downloadcompleteOnTimeReportTest" time="0.918"/>
  <testcase classname="tests.AdminOrderFlowTest" name="downloadcompleteWithDelayReportTest" time="0.148"/>
  <testcase classname="tests.AdminOrderFlowTest" name="addRemarks" time="0.760"/>
  <testcase classname="tests.AdminOrderFlowTest" name="verifyCompletion" time="2.329"/>
</testsuite> <!-- tests.AdminOrderFlowTest -->
