<?xml version="1.0" encoding="UTF-8"?>
<!-- Generated by org.testng.reporters.JUnitReportReporter -->
<testsuite hostname="DESKTOP-38Q9L5G" failures="0" tests="2" name="tests.ReportDownloader" time="1.333" errors="0" timestamp="2025-06-24T13:14:38 IST" skipped="0">
  <testcase classname="tests.ReportDownloader" name="downloadcompleteOnTimeReportTest" time="1.042"/>
  <testcase classname="tests.ReportDownloader" name="downloadcompleteWithDelayReportTest" time="0.291"/>
</testsuite> <!-- tests.ReportDownloader -->
