<?xml version="1.0" encoding="UTF-8"?>
<!-- Generated by org.testng.reporters.JUnitReportReporter -->
<testsuite hostname="DESKTOP-38Q9L5G" failures="0" tests="2" name="tests.RemarkAndAttachmentTest" time="1.667" errors="0" timestamp="2025-07-29T13:10:54 IST" skipped="0">
  <testcase classname="tests.RemarkAndAttachmentTest" name="addRemarks" time="0.943"/>
  <testcase classname="tests.RemarkAndAttachmentTest" name="addAttachments" time="0.724"/>
</testsuite> <!-- tests.RemarkAndAttachmentTest -->
