<?xml version="1.0" encoding="UTF-8"?>
<!-- Generated by org.testng.reporters.JUnitReportReporter -->
<testsuite hostname="DESKTOP-38Q9L5G" failures="0" tests="9" name="tests.AdminAssigneeOrderFlowTest" time="18.850" errors="0" timestamp="2025-08-13T10:57:03 IST" skipped="0">
  <testcase classname="tests.AdminAssigneeOrderFlowTest" name="createOrder" time="2.494"/>
  <testcase classname="tests.AdminAssigneeOrderFlowTest" name="splitOrder" time="0.113"/>
  <testcase classname="tests.AdminAssigneeOrderFlowTest" name="completeStagesWithRemarksAndAttachments" time="9.715"/>
  <testcase classname="tests.AdminAssigneeOrderFlowTest" name="addRemarks" time="0.721"/>
  <testcase classname="tests.AdminAssigneeOrderFlowTest" name="termAndConditionAssignedUser" time="0.154"/>
  <testcase classname="tests.AdminAssigneeOrderFlowTest" name="addAndAssignUsers" time="2.281"/>
  <testcase classname="tests.AdminAssigneeOrderFlowTest" name="switchToAssignedUser" time="0.415"/>
  <testcase classname="tests.AdminAssigneeOrderFlowTest" name="updateTAT" time="2.276"/>
  <testcase classname="tests.AdminAssigneeOrderFlowTest" name="addAttachments" time="0.681"/>
</testsuite> <!-- tests.AdminAssigneeOrderFlowTest -->
