<?xml version="1.0" encoding="UTF-8"?>
<!-- Generated by org.testng.reporters.JUnitReportReporter -->
<testsuite hostname="DESKTOP-38Q9L5G" failures="0" tests="1" name="tests.WorkflowMixStagesTest" time="157.451" errors="0" timestamp="2025-08-25T17:11:03 IST" skipped="0">
  <testcase classname="tests.WorkflowMixStagesTest" name="workflowOpenForAllStages" time="157.451"/>
</testsuite> <!-- tests.WorkflowMixStagesTest -->
