<?xml version="1.0" encoding="UTF-8"?>
<!-- Generated by org.testng.reporters.JUnitReportReporter -->
<testsuite hostname="DESKTOP-38Q9L5G" failures="0" tests="1" name="tests.WorkflowCloseStagesTest" time="101.579" errors="0" timestamp="2025-08-13T12:39:12 IST" skipped="0">
  <testcase classname="tests.WorkflowCloseStagesTest" name="workflowCloseForAllStages" time="101.579"/>
</testsuite> <!-- tests.WorkflowCloseStagesTest -->
