<?xml version="1.0" encoding="UTF-8"?>
<!-- Generated by org.testng.reporters.JUnitReportReporter -->
<testsuite hostname="DESKTOP-38Q9L5G" failures="0" tests="8" name="tests.WorkflowCloseStagesAPITest" time="16.885" errors="0" timestamp="2025-08-13T14:43:25 IST" skipped="0">
  <testcase classname="tests.WorkflowCloseStagesAPITest" name="addAndAssignUsers" time="1.197"/>
  <testcase classname="tests.WorkflowCloseStagesAPITest" name="verifyCompletion" time="4.293"/>
  <testcase classname="tests.WorkflowCloseStagesAPITest" name="createOrder" time="4.289"/>
  <testcase classname="tests.WorkflowCloseStagesAPITest" name="splitOrder" time="0.130"/>
  <testcase classname="tests.WorkflowCloseStagesAPITest" name="addRemarks" time="0.723"/>
  <testcase classname="tests.WorkflowCloseStagesAPITest" name="updateTAT" time="2.101"/>
  <testcase classname="tests.WorkflowCloseStagesAPITest" name="addAttachments" time="0.838"/>
  <testcase classname="tests.WorkflowCloseStagesAPITest" name="completeStages" time="3.314"/>
</testsuite> <!-- tests.WorkflowCloseStagesAPITest -->
