<?xml version="1.0" encoding="UTF-8"?>
<!-- Generated by org.testng.reporters.JUnitReportReporter -->
<testsuite hostname="DESKTOP-38Q9L5G" failures="0" tests="11" name="tests.AdminSplitOrderFlowTest" time="9.611" errors="0" timestamp="2025-08-25T16:48:03 IST" skipped="0">
  <testcase classname="tests.AdminSplitOrderFlowTest" name="verifyCompletion" time="2.286"/>
  <testcase classname="tests.AdminSplitOrderFlowTest" name="addAndAssignUsers" time="2.252"/>
  <testcase classname="tests.AdminSplitOrderFlowTest" name="updateUser" time="0.171"/>
  <testcase classname="tests.AdminSplitOrderFlowTest" name="createOrder" time="0.470"/>
  <testcase classname="tests.AdminSplitOrderFlowTest" name="downloadcompleteOnTimeReportTest" time="0.554"/>
  <testcase classname="tests.AdminSplitOrderFlowTest" name="splitOrder" time="0.552"/>
  <testcase classname="tests.AdminSplitOrderFlowTest" name="addRemarks" time="0.846"/>
  <testcase classname="tests.AdminSplitOrderFlowTest" name="completeStages" time="1.314"/>
  <testcase classname="tests.AdminSplitOrderFlowTest" name="addAttachments" time="0.728"/>
  <testcase classname="tests.AdminSplitOrderFlowTest" name="updateTAT" time="0.257"/>
  <testcase classname="tests.AdminSplitOrderFlowTest" name="downloadcompleteWithDelayReportTest" time="0.181"/>
</testsuite> <!-- tests.AdminSplitOrderFlowTest -->
