<?xml version="1.0" encoding="UTF-8"?>
<!-- Generated by org.testng.reporters.JUnitReportReporter -->
<testsuite hostname="DESKTOP-38Q9L5G" failures="0" tests="2" name="tests.DashboardTest" time="48.050" errors="0" timestamp="2025-07-31T15:50:57 IST" skipped="0">
  <testcase classname="tests.DashboardTest" name="testDashboardCountsAfter" time="29.841"/>
  <testcase classname="tests.DashboardTest" name="testDashboardCountsBefore" time="18.209"/>
</testsuite> <!-- tests.DashboardTest -->
