<?xml version="1.0" encoding="UTF-8"?>
<!-- Generated by org.testng.reporters.JUnitReportReporter -->
<testsuite hostname="DESKTOP-38Q9L5G" failures="0" tests="8" name="tests.WorkflowOpenAPITest" time="19.997" errors="0" timestamp="2025-08-25T17:11:03 IST" skipped="0">
  <testcase classname="tests.WorkflowOpenAPITest" name="completeStages" time="2.808"/>
  <testcase classname="tests.WorkflowOpenAPITest" name="addAndAssignUsers" time="1.163"/>
  <testcase classname="tests.WorkflowOpenAPITest" name="addRemarks" time="0.569"/>
  <testcase classname="tests.WorkflowOpenAPITest" name="updateTAT" time="6.307"/>
  <testcase classname="tests.WorkflowOpenAPITest" name="addAttachments" time="0.438"/>
  <testcase classname="tests.WorkflowOpenAPITest" name="createOrder" time="4.253"/>
  <testcase classname="tests.WorkflowOpenAPITest" name="verifyCompletion" time="4.224"/>
  <testcase classname="tests.WorkflowOpenAPITest" name="splitOrder" time="0.235"/>
</testsuite> <!-- tests.WorkflowOpenAPITest -->
