<?xml version="1.0" encoding="UTF-8"?>
<!-- Generated by org.testng.reporters.JUnitReportReporter -->
<testsuite hostname="DESKTOP-38Q9L5G" failures="0" tests="2" name="tests.ReportDownloadTest" time="1.500" errors="0" timestamp="2025-07-02T12:27:34 IST" skipped="0">
  <testcase classname="tests.ReportDownloadTest" name="downloadCompleteOnTimeReport" time="1.122"/>
  <testcase classname="tests.ReportDownloadTest" name="downloadCompleteWithDelayReport" time="0.378"/>
</testsuite> <!-- tests.ReportDownloadTest -->
