<?xml version="1.0" encoding="UTF-8"?>
<!-- Generated by org.testng.reporters.JUnitReportReporter -->
<testsuite hostname="DESKTOP-38Q9L5G" failures="0" tests="2" name="tests.RemarkAndAttachmentTest" time="1.636" errors="0" timestamp="2025-07-29T15:24:58 IST" skipped="0">
  <testcase classname="tests.RemarkAndAttachmentTest" name="addRemarks" time="0.894"/>
  <testcase classname="tests.RemarkAndAttachmentTest" name="addAttachments" time="0.742"/>
</testsuite> <!-- tests.RemarkAndAttachmentTest -->
