<?xml version="1.0" encoding="UTF-8"?>
<!-- Generated by org.testng.reporters.JUnitReportReporter -->
<testsuite hostname="DESKTOP-38Q9L5G" failures="0" tests="1" name="tests.AdminOrderFlowQATest" time="4.169" errors="0" timestamp="2025-08-21T16:32:57 IST" skipped="0">
  <testcase classname="tests.AdminOrderFlowQATest" name="createOrder" time="4.169"/>
</testsuite> <!-- tests.AdminOrderFlowQATest -->
