<?xml version="1.0" encoding="UTF-8"?>
<!-- Generated by org.testng.reporters.JUnitReportReporter -->
<testsuite hostname="DESKTOP-38Q9L5G" failures="0" tests="2" name="tests.DashboardTest" time="24.751" errors="0" timestamp="2025-07-29T11:33:27 IST" skipped="0">
  <testcase classname="tests.DashboardTest" name="testDashboardCountsAfter" time="11.948"/>
  <testcase classname="tests.DashboardTest" name="testDashboardCountsBefore" time="12.803"/>
</testsuite> <!-- tests.DashboardTest -->
