<?xml version="1.0" encoding="UTF-8"?>
<!-- Generated by org.testng.reporters.JUnitReportReporter -->
<testsuite hostname="DESKTOP-38Q9L5G" failures="0" tests="1" name="tests.AddUserTest" time="33.979" errors="0" timestamp="2025-07-31T15:37:33 IST" skipped="0">
  <testcase classname="tests.AddUserTest" name="testfillAddUser" time="33.979"/>
</testsuite> <!-- tests.AddUserTest -->
