<?xml version="1.0" encoding="UTF-8"?>
<!-- Generated by org.testng.reporters.JUnitReportReporter -->
<testsuite hostname="DESKTOP-38Q9L5G" failures="0" tests="1" name="tests.ReportWithExcel" time="34.870" errors="0" timestamp="2025-08-05T09:59:11 IST" skipped="0">
  <testcase classname="tests.ReportWithExcel" name="compareReportUIAndExcelData" time="34.870"/>
</testsuite> <!-- tests.ReportWithExcel -->
