<?xml version="1.0" encoding="UTF-8"?>
<!-- Generated by org.testng.reporters.JUnitReportReporter -->
<testsuite hostname="DESKTOP-38Q9L5G" failures="0" tests="8" name="tests.WorkflowOpenAPITest" time="19.045" errors="0" timestamp="2025-08-13T10:57:03 IST" skipped="0">
  <testcase classname="tests.WorkflowOpenAPITest" name="splitOrder" time="0.130"/>
  <testcase classname="tests.WorkflowOpenAPITest" name="createOrder" time="4.297"/>
  <testcase classname="tests.WorkflowOpenAPITest" name="updateTAT" time="5.727"/>
  <testcase classname="tests.WorkflowOpenAPITest" name="addAndAssignUsers" time="0.824"/>
  <testcase classname="tests.WorkflowOpenAPITest" name="addAttachments" time="0.498"/>
  <testcase classname="tests.WorkflowOpenAPITest" name="verifyCompletion" time="4.051"/>
  <testcase classname="tests.WorkflowOpenAPITest" name="addRemarks" time="0.606"/>
  <testcase classname="tests.WorkflowOpenAPITest" name="completeStages" time="2.912"/>
</testsuite> <!-- tests.WorkflowOpenAPITest -->
