<?xml version="1.0" encoding="UTF-8"?>
<!-- Generated by org.testng.reporters.JUnitReportReporter -->
<testsuite hostname="DESKTOP-38Q9L5G" failures="0" tests="2" name="tests.RemarkAndAttachmentTest" time="1.973" errors="0" timestamp="2025-08-21T12:46:48 IST" skipped="0">
  <testcase classname="tests.RemarkAndAttachmentTest" name="addRemarks" time="0.891"/>
  <testcase classname="tests.RemarkAndAttachmentTest" name="addAttachments" time="1.082"/>
</testsuite> <!-- tests.RemarkAndAttachmentTest -->
