<?xml version="1.0" encoding="UTF-8"?>
<!-- Generated by org.testng.reporters.JUnitReportReporter -->
<testsuite hostname="DESKTOP-38Q9L5G" failures="0" tests="10" name="tests.AdminSplitOrderFlowTest" time="19.040" errors="0" timestamp="2025-08-05T09:59:11 IST" skipped="0">
  <testcase classname="tests.AdminSplitOrderFlowTest" name="downloadcompleteOnTimeReportTest" time="0.428"/>
  <testcase classname="tests.AdminSplitOrderFlowTest" name="addRemarks" time="0.927"/>
  <testcase classname="tests.AdminSplitOrderFlowTest" name="updateTAT" time="0.444"/>
  <testcase classname="tests.AdminSplitOrderFlowTest" name="completeStages" time="1.673"/>
  <testcase classname="tests.AdminSplitOrderFlowTest" name="addAndAssignUsers" time="8.865"/>
  <testcase classname="tests.AdminSplitOrderFlowTest" name="createOrder" time="2.260"/>
  <testcase classname="tests.AdminSplitOrderFlowTest" name="downloadcompleteWithDelayReportTest" time="0.191"/>
  <testcase classname="tests.AdminSplitOrderFlowTest" name="splitOrder" time="1.005"/>
  <testcase classname="tests.AdminSplitOrderFlowTest" name="verifyCompletion" time="2.478"/>
  <testcase classname="tests.AdminSplitOrderFlowTest" name="addAttachments" time="0.769"/>
</testsuite> <!-- tests.AdminSplitOrderFlowTest -->
