<?xml version="1.0" encoding="UTF-8"?>
<!-- Generated by org.testng.reporters.JUnitReportReporter -->
<testsuite hostname="DESKTOP-38Q9L5G" failures="0" tests="6" name="tests.AdminOrderRejectFlowTest" time="11.567" errors="0" timestamp="2025-07-23T14:22:25 IST" skipped="0">
  <testcase classname="tests.AdminOrderRejectFlowTest" name="createOrder" time="2.504"/>
  <testcase classname="tests.AdminOrderRejectFlowTest" name="updateTAT" time="2.331"/>
  <testcase classname="tests.AdminOrderRejectFlowTest" name="splitOrder" time="0.128"/>
  <testcase classname="tests.AdminOrderRejectFlowTest" name="verifyRejectOrder" time="2.157"/>
  <testcase classname="tests.AdminOrderRejectFlowTest" name="completeStages" time="2.347"/>
  <testcase classname="tests.AdminOrderRejectFlowTest" name="addAndAssignUsers" time="2.100"/>
</testsuite> <!-- tests.AdminOrderRejectFlowTest -->
