<?xml version="1.0" encoding="UTF-8"?>
<!-- Generated by org.testng.reporters.JUnitReportReporter -->
<testsuite hostname="DESKTOP-38Q9L5G" failures="0" tests="11" name="tests.AdminOrderFlowTest" time="17.177" errors="0" timestamp="2025-07-29T11:33:27 IST" skipped="0">
  <testcase classname="tests.AdminOrderFlowTest" name="createOrder" time="3.033"/>
  <testcase classname="tests.AdminOrderFlowTest" name="downloadcompleteOnTimeReportTest" time="0.482"/>
  <testcase classname="tests.AdminOrderFlowTest" name="splitOrder" time="0.154"/>
  <testcase classname="tests.AdminOrderFlowTest" name="completeStages" time="3.368"/>
  <testcase classname="tests.AdminOrderFlowTest" name="addAttachments" time="1.059"/>
  <testcase classname="tests.AdminOrderFlowTest" name="updateUser" time="0.185"/>
  <testcase classname="tests.AdminOrderFlowTest" name="verifyCompletion" time="2.478"/>
  <testcase classname="tests.AdminOrderFlowTest" name="addAndAssignUsers" time="2.712"/>
  <testcase classname="tests.AdminOrderFlowTest" name="downloadcompleteWithDelayReportTest" time="0.161"/>
  <testcase classname="tests.AdminOrderFlowTest" name="updateTAT" time="2.687"/>
  <testcase classname="tests.AdminOrderFlowTest" name="addRemarks" time="0.858"/>
</testsuite> <!-- tests.AdminOrderFlowTest -->
