<?xml version="1.0" encoding="UTF-8"?>
<!-- Generated by org.testng.reporters.JUnitReportReporter -->
<testsuite hostname="DESKTOP-38Q9L5G" failures="0" tests="12" name="tests.ActiveInactiveUserTest" time="16.419" errors="0" timestamp="2025-08-22T08:55:52 IST" skipped="0">
  <testcase classname="tests.ActiveInactiveUserTest" name="updateTAT" time="2.756"/>
  <testcase classname="tests.ActiveInactiveUserTest" name="completeStagesWithRemarksAndAttachments" time="3.521"/>
  <testcase classname="tests.ActiveInactiveUserTest" name="switchToAssignedUser" time="0.477"/>
  <testcase classname="tests.ActiveInactiveUserTest" name="verifyDeactivatedUserIsInInactiveList" time="0.148"/>
  <testcase classname="tests.ActiveInactiveUserTest" name="switchToAdmin" time="0.444"/>
  <testcase classname="tests.ActiveInactiveUserTest" name="addAndAssignUsers" time="2.427"/>
  <testcase classname="tests.ActiveInactiveUserTest" name="switchToAssigneeDeactivated" time="0.403"/>
  <testcase classname="tests.ActiveInactiveUserTest" name="activateUser" time="0.174"/>
  <testcase classname="tests.ActiveInactiveUserTest" name="createOrder" time="4.732"/>
  <testcase classname="tests.ActiveInactiveUserTest" name="splitOrder" time="0.701"/>
  <testcase classname="tests.ActiveInactiveUserTest" name="deactivateUser" time="0.201"/>
  <testcase classname="tests.ActiveInactiveUserTest" name="switchToAdminForActivationUser" time="0.435"/>
</testsuite> <!-- tests.ActiveInactiveUserTest -->
