<?xml version="1.0" encoding="UTF-8"?>
<!-- Generated by org.testng.reporters.JUnitReportReporter -->
<testsuite hostname="DESKTOP-38Q9L5G" failures="0" tests="11" name="tests.AdminOrderFlowTest" time="17.280" errors="0" timestamp="2025-07-24T16:49:27 IST" skipped="0">
  <testcase classname="tests.AdminOrderFlowTest" name="updateUser" time="0.186"/>
  <testcase classname="tests.AdminOrderFlowTest" name="verifyCompletion" time="2.441"/>
  <testcase classname="tests.AdminOrderFlowTest" name="completeStages" time="3.805"/>
  <testcase classname="tests.AdminOrderFlowTest" name="addAttachments" time="0.841"/>
  <testcase classname="tests.AdminOrderFlowTest" name="splitOrder" time="0.132"/>
  <testcase classname="tests.AdminOrderFlowTest" name="createOrder" time="2.750"/>
  <testcase classname="tests.AdminOrderFlowTest" name="downloadcompleteOnTimeReportTest" time="0.298"/>
  <testcase classname="tests.AdminOrderFlowTest" name="addRemarks" time="0.767"/>
  <testcase classname="tests.AdminOrderFlowTest" name="updateTAT" time="3.072"/>
  <testcase classname="tests.AdminOrderFlowTest" name="downloadcompleteWithDelayReportTest" time="0.174"/>
  <testcase classname="tests.AdminOrderFlowTest" name="addAndAssignUsers" time="2.814"/>
</testsuite> <!-- tests.AdminOrderFlowTest -->
