<?xml version="1.0" encoding="UTF-8"?>
<!-- Generated by org.testng.reporters.JUnitReportReporter -->
<testsuite hostname="DESKTOP-38Q9L5G" failures="0" tests="9" name="tests.AdminAssigneeOrderFlowTest" time="19.686" errors="0" timestamp="2025-07-24T14:45:49 IST" skipped="0">
  <testcase classname="tests.AdminAssigneeOrderFlowTest" name="createOrder" time="2.642"/>
  <testcase classname="tests.AdminAssigneeOrderFlowTest" name="splitOrder" time="0.115"/>
  <testcase classname="tests.AdminAssigneeOrderFlowTest" name="switchToAssignedUser" time="0.416"/>
  <testcase classname="tests.AdminAssigneeOrderFlowTest" name="addAttachments" time="0.741"/>
  <testcase classname="tests.AdminAssigneeOrderFlowTest" name="completeStagesWithRemarksAndAttachments" time="10.072"/>
  <testcase classname="tests.AdminAssigneeOrderFlowTest" name="termAndConditionAssignedUser" time="0.149"/>
  <testcase classname="tests.AdminAssigneeOrderFlowTest" name="addRemarks" time="0.726"/>
  <testcase classname="tests.AdminAssigneeOrderFlowTest" name="updateTAT" time="2.301"/>
  <testcase classname="tests.AdminAssigneeOrderFlowTest" name="addAndAssignUsers" time="2.524"/>
</testsuite> <!-- tests.AdminAssigneeOrderFlowTest -->
