<?xml version="1.0" encoding="UTF-8"?>
<!-- Generated by org.testng.reporters.JUnitReportReporter -->
<testsuite hostname="DESKTOP-38Q9L5G" failures="0" tests="6" name="tests.AdminOrderRejectFlowTest" time="11.889" errors="0" timestamp="2025-07-23T16:16:24 IST" skipped="0">
  <testcase classname="tests.AdminOrderRejectFlowTest" name="updateTAT" time="2.273"/>
  <testcase classname="tests.AdminOrderRejectFlowTest" name="addAndAssignUsers" time="2.427"/>
  <testcase classname="tests.AdminOrderRejectFlowTest" name="completeStages" time="2.368"/>
  <testcase classname="tests.AdminOrderRejectFlowTest" name="verifyRejectOrder" time="2.169"/>
  <testcase classname="tests.AdminOrderRejectFlowTest" name="createOrder" time="2.539"/>
  <testcase classname="tests.AdminOrderRejectFlowTest" name="splitOrder" time="0.113"/>
</testsuite> <!-- tests.AdminOrderRejectFlowTest -->
