<?xml version="1.0" encoding="UTF-8"?>
<!-- Generated by org.testng.reporters.JUnitReportReporter -->
<testsuite hostname="DESKTOP-38Q9L5G" failures="0" tests="11" name="tests.AdminOrderFlowTest" time="16.758" errors="0" timestamp="2025-07-24T14:45:49 IST" skipped="0">
  <testcase classname="tests.AdminOrderFlowTest" name="downloadcompleteOnTimeReportTest" time="0.501"/>
  <testcase classname="tests.AdminOrderFlowTest" name="completeStages" time="3.396"/>
  <testcase classname="tests.AdminOrderFlowTest" name="updateTAT" time="3.105"/>
  <testcase classname="tests.AdminOrderFlowTest" name="splitOrder" time="0.137"/>
  <testcase classname="tests.AdminOrderFlowTest" name="addAttachments" time="0.752"/>
  <testcase classname="tests.AdminOrderFlowTest" name="verifyCompletion" time="2.463"/>
  <testcase classname="tests.AdminOrderFlowTest" name="addAndAssignUsers" time="2.553"/>
  <testcase classname="tests.AdminOrderFlowTest" name="downloadcompleteWithDelayReportTest" time="0.153"/>
  <testcase classname="tests.AdminOrderFlowTest" name="updateUser" time="0.181"/>
  <testcase classname="tests.AdminOrderFlowTest" name="createOrder" time="2.786"/>
  <testcase classname="tests.AdminOrderFlowTest" name="addRemarks" time="0.731"/>
</testsuite> <!-- tests.AdminOrderFlowTest -->
