<?xml version="1.0" encoding="UTF-8"?>
<!-- Generated by org.testng.reporters.JUnitReportReporter -->
<testsuite hostname="DESKTOP-38Q9L5G" failures="0" tests="2" name="tests.DashboardTest" time="28.031" errors="0" timestamp="2025-07-24T14:45:49 IST" skipped="0">
  <testcase classname="tests.DashboardTest" name="testDashboardCountsBefore" time="14.908"/>
  <testcase classname="tests.DashboardTest" name="testDashboardCountsAfter" time="13.123"/>
</testsuite> <!-- tests.DashboardTest -->
