<?xml version="1.0" encoding="UTF-8"?>
<!-- Generated by org.testng.reporters.JUnitReportReporter -->
<testsuite hostname="DESKTOP-38Q9L5G" failures="0" tests="9" name="tests.AdminAssigneeOrderFlowTest" time="19.939" errors="0" timestamp="2025-07-23T16:16:24 IST" skipped="0">
  <testcase classname="tests.AdminAssigneeOrderFlowTest" name="completeStagesWithRemarksAndAttachments" time="10.390"/>
  <testcase classname="tests.AdminAssigneeOrderFlowTest" name="updateTAT" time="2.276"/>
  <testcase classname="tests.AdminAssigneeOrderFlowTest" name="addRemarks" time="0.755"/>
  <testcase classname="tests.AdminAssigneeOrderFlowTest" name="splitOrder" time="0.131"/>
  <testcase classname="tests.AdminAssigneeOrderFlowTest" name="switchToAssignedUser" time="0.411"/>
  <testcase classname="tests.AdminAssigneeOrderFlowTest" name="addAttachments" time="0.740"/>
  <testcase classname="tests.AdminAssigneeOrderFlowTest" name="termAndConditionAssignedUser" time="0.159"/>
  <testcase classname="tests.AdminAssigneeOrderFlowTest" name="createOrder" time="2.748"/>
  <testcase classname="tests.AdminAssigneeOrderFlowTest" name="addAndAssignUsers" time="2.329"/>
</testsuite> <!-- tests.AdminAssigneeOrderFlowTest -->
