<?xml version="1.0" encoding="UTF-8"?>
<!-- Generated by org.testng.reporters.JUnitReportReporter -->
<testsuite hostname="DESKTOP-38Q9L5G" failures="0" tests="10" name="tests.AdminSplitOrderFlowTest" time="11.008" errors="0" timestamp="2025-07-24T14:45:49 IST" skipped="0">
  <testcase classname="tests.AdminSplitOrderFlowTest" name="verifyCompletion" time="2.427"/>
  <testcase classname="tests.AdminSplitOrderFlowTest" name="createOrder" time="0.854"/>
  <testcase classname="tests.AdminSplitOrderFlowTest" name="addAndAssignUsers" time="2.183"/>
  <testcase classname="tests.AdminSplitOrderFlowTest" name="downloadcompleteOnTimeReportTest" time="0.385"/>
  <testcase classname="tests.AdminSplitOrderFlowTest" name="downloadcompleteWithDelayReportTest" time="0.150"/>
  <testcase classname="tests.AdminSplitOrderFlowTest" name="addRemarks" time="0.689"/>
  <testcase classname="tests.AdminSplitOrderFlowTest" name="splitOrder" time="0.610"/>
  <testcase classname="tests.AdminSplitOrderFlowTest" name="completeStages" time="2.673"/>
  <testcase classname="tests.AdminSplitOrderFlowTest" name="updateTAT" time="0.276"/>
  <testcase classname="tests.AdminSplitOrderFlowTest" name="addAttachments" time="0.761"/>
</testsuite> <!-- tests.AdminSplitOrderFlowTest -->
