<?xml version="1.0" encoding="UTF-8"?>
<!-- Generated by org.testng.reporters.JUnitReportReporter -->
<testsuite hostname="DESKTOP-38Q9L5G" failures="0" tests="9" name="tests.AdminAssigneeOrderFlowTest" time="19.942" errors="0" timestamp="2025-07-24T16:49:27 IST" skipped="0">
  <testcase classname="tests.AdminAssigneeOrderFlowTest" name="splitOrder" time="0.130"/>
  <testcase classname="tests.AdminAssigneeOrderFlowTest" name="completeStagesWithRemarksAndAttachments" time="10.259"/>
  <testcase classname="tests.AdminAssigneeOrderFlowTest" name="switchToAssignedUser" time="0.453"/>
  <testcase classname="tests.AdminAssigneeOrderFlowTest" name="addAttachments" time="0.873"/>
  <testcase classname="tests.AdminAssigneeOrderFlowTest" name="termAndConditionAssignedUser" time="0.156"/>
  <testcase classname="tests.AdminAssigneeOrderFlowTest" name="addAndAssignUsers" time="2.466"/>
  <testcase classname="tests.AdminAssigneeOrderFlowTest" name="addRemarks" time="0.726"/>
  <testcase classname="tests.AdminAssigneeOrderFlowTest" name="createOrder" time="2.591"/>
  <testcase classname="tests.AdminAssigneeOrderFlowTest" name="updateTAT" time="2.288"/>
</testsuite> <!-- tests.AdminAssigneeOrderFlowTest -->
