<?xml version="1.0" encoding="UTF-8"?>
<!-- Generated by org.testng.reporters.JUnitReportReporter -->
<testsuite hostname="DESKTOP-38Q9L5G" failures="0" tests="10" name="tests.AdminSplitOrderFlowTest" time="10.709" errors="0" timestamp="2025-07-24T16:49:27 IST" skipped="0">
  <testcase classname="tests.AdminSplitOrderFlowTest" name="addAttachments" time="0.903"/>
  <testcase classname="tests.AdminSplitOrderFlowTest" name="downloadcompleteWithDelayReportTest" time="0.143"/>
  <testcase classname="tests.AdminSplitOrderFlowTest" name="splitOrder" time="0.686"/>
  <testcase classname="tests.AdminSplitOrderFlowTest" name="addAndAssignUsers" time="2.338"/>
  <testcase classname="tests.AdminSplitOrderFlowTest" name="verifyCompletion" time="2.451"/>
  <testcase classname="tests.AdminSplitOrderFlowTest" name="completeStages" time="1.422"/>
  <testcase classname="tests.AdminSplitOrderFlowTest" name="addRemarks" time="1.250"/>
  <testcase classname="tests.AdminSplitOrderFlowTest" name="downloadcompleteOnTimeReportTest" time="0.319"/>
  <testcase classname="tests.AdminSplitOrderFlowTest" name="createOrder" time="0.933"/>
  <testcase classname="tests.AdminSplitOrderFlowTest" name="updateTAT" time="0.264"/>
</testsuite> <!-- tests.AdminSplitOrderFlowTest -->
