<?xml version="1.0" encoding="UTF-8"?>
<!-- Generated by org.testng.reporters.JUnitReportReporter -->
<testsuite hostname="DESKTOP-38Q9L5G" failures="0" tests="8" name="tests.AdminMultipleAssigneeOrderFlowTest" time="31.467" errors="0" timestamp="2025-07-23T16:16:24 IST" skipped="0">
  <testcase classname="tests.AdminMultipleAssigneeOrderFlowTest" name="updateTAT" time="2.647"/>
  <testcase classname="tests.AdminMultipleAssigneeOrderFlowTest" name="createAndAssignMultipleUsers" time="4.947"/>
  <testcase classname="tests.AdminMultipleAssigneeOrderFlowTest" name="acceptTermsForAllUsers" time="1.782"/>
  <testcase classname="tests.AdminMultipleAssigneeOrderFlowTest" name="splitOrder" time="0.216"/>
  <testcase classname="tests.AdminMultipleAssigneeOrderFlowTest" name="addAttachments" time="0.659"/>
  <testcase classname="tests.AdminMultipleAssigneeOrderFlowTest" name="createOrder" time="2.699"/>
  <testcase classname="tests.AdminMultipleAssigneeOrderFlowTest" name="addRemarks" time="0.672"/>
  <testcase classname="tests.AdminMultipleAssigneeOrderFlowTest" name="performStageActionsAsMultipleUsers" time="17.845"/>
</testsuite> <!-- tests.AdminMultipleAssigneeOrderFlowTest -->
