<?xml version="1.0" encoding="UTF-8"?>
<!-- Generated by org.testng.reporters.JUnitReportReporter -->
<testsuite hostname="DESKTOP-38Q9L5G" failures="0" tests="10" name="tests.AdminSplitOrderFlowTest" time="9.565" errors="0" timestamp="2025-07-23T16:16:24 IST" skipped="0">
  <testcase classname="tests.AdminSplitOrderFlowTest" name="updateTAT" time="0.279"/>
  <testcase classname="tests.AdminSplitOrderFlowTest" name="createOrder" time="0.564"/>
  <testcase classname="tests.AdminSplitOrderFlowTest" name="verifyCompletion" time="2.380"/>
  <testcase classname="tests.AdminSplitOrderFlowTest" name="downloadcompleteOnTimeReportTest" time="0.215"/>
  <testcase classname="tests.AdminSplitOrderFlowTest" name="downloadcompleteWithDelayReportTest" time="0.282"/>
  <testcase classname="tests.AdminSplitOrderFlowTest" name="addRemarks" time="0.705"/>
  <testcase classname="tests.AdminSplitOrderFlowTest" name="addAndAssignUsers" time="2.319"/>
  <testcase classname="tests.AdminSplitOrderFlowTest" name="addAttachments" time="0.758"/>
  <testcase classname="tests.AdminSplitOrderFlowTest" name="completeStages" time="1.339"/>
  <testcase classname="tests.AdminSplitOrderFlowTest" name="splitOrder" time="0.724"/>
</testsuite> <!-- tests.AdminSplitOrderFlowTest -->
