<?xml version="1.0" encoding="UTF-8"?>
<!-- Generated by org.testng.reporters.JUnitReportReporter -->
<testsuite hostname="DESKTOP-38Q9L5G" failures="0" tests="2" name="tests.DashboardTest" time="23.175" errors="0" timestamp="2025-07-23T16:16:24 IST" skipped="0">
  <testcase classname="tests.DashboardTest" name="testDashboardCountsBefore" time="11.646"/>
  <testcase classname="tests.DashboardTest" name="testDashboardCountsAfter" time="11.529"/>
</testsuite> <!-- tests.DashboardTest -->
